Aatrox|top|Aatrox slams his greatsword down, dealing physical damage. He can swing three times, each with a different area of effect.|Singed|13.8
Ahri|mid|Ahri sends out and pulls back her orb, dealing magic damage on the way out and true damage on the way back.|Rumble|7
Akali|mid|Akali throws out five kunai, dealing damage based on her bonus Attack Damage and Ability Power and slowing.|Vex|10
Akali|top|Akali throws out five kunai, dealing damage based on her bonus Attack Damage and Ability Power and slowing.|Vex|10
Amumu|jungle|Amumu tosses a sticky bandage at a target, stunning and damaging the target while he pulls himself to them.|Shaco|5.3
Aphelios|bottom|Aphelios has 5 different activated abilities, based on his main-hand weapon: Calibrum (Rifle): Long range shot that marks its target for a long-range follow-up attack. Severum (Scythe Pistol): Run fast while attacking nearby enemies with both weapons. Gravitum (Cannon): Root all enemies slowed by this weapon. Infernum (Flamethrower): Blast enemies in a cone and attack them with your off-hand weapon. Crescendum (Chakram): Deploy a sentry that shoots your off-hand weapon.|Seraphine|5.8
Ashe|bottom|Ashe builds up Focus by attacking. At maximum Focus, Ashe can cast Ranger's Focus to consume all stacks of Focus, temporarily increasing her Attack Speed and transforming her basic attack into a powerful flurry attack for the duration.|Seraphine|7.4
Azir|mid|Azir sends all Sand Soldiers towards a location. Sand Soldiers deal magic damage to enemies they pass through and apply a slow for 1 second.|Rumble|4.4
Bard|support|Bard fires a missile which will slow the first enemy struck, and continue onward. If it strikes a wall, it will stun the initial target; if it strikes another enemy, it will stun them both.|Vel'Koz|3.5
Bel'Veth|jungle|Bel'Veth dashes in a chosen direction and damages all enemies she passes through.|Elise|6.4
Blitzcrank|support|Blitzcrank fires their right hand to grab an opponent on its path, dealing damage and dragging it back to them.|Rell|8.7
Caitlyn|bottom|Caitlyn revs up her rifle for 1 second to unleash a penetrating shot that deals physical damage (deals less damage to subsequent targets).|Seraphine|20.9
Camille|top|Camille's next attack deals bonus damage and grants bonus Move Speed. This spell can be recast for a short period of time, doing significantly increased bonus damage if Camille delays a period of time between the two attacks.|Cho'Gath|7.3
Darius|top|Darius winds up and swings his axe in a wide circle. Enemies struck by the blade take more damage than those struck by the handle. Darius heals based on enemy champions and large monsters hit by the blade.|Yorick|9.5
Diana|jungle|Unleashes a bolt of lunar energy in an arc dealing magic damage. Afflicts enemies struck with Moonlight, revealing them if they are not stealthed for 3 seconds.|Taliyah|6.6
Diana|mid|Unleashes a bolt of lunar energy in an arc dealing magic damage. Afflicts enemies struck with Moonlight, revealing them if they are not stealthed for 3 seconds.|Taliyah|6.6
Draven|bottom|Draven's next attack will deal bonus physical damage. This axe will ricochet off the target high up into the air. If Draven catches it, he automatically readies another Spinning Axe. Draven can have two Spinning Axes at once.|Nilah|6.5
Ekko|jungle|Ekko throws a temporal grenade that expands into a time-distortion field upon hitting an enemy champion, slowing and damaging anyone caught inside. After a delay, the grenade rewinds back to Ekko, dealing damage on its return.|Elise|8.7
Ekko|mid|Ekko throws a temporal grenade that expands into a time-distortion field upon hitting an enemy champion, slowing and damaging anyone caught inside. After a delay, the grenade rewinds back to Ekko, dealing damage on its return.|Elise|8.7
Elise|jungle|Human Form: Deals damage based upon how high the target's Health is. Spider Form: Lunges at an enemy and deals damage based upon how low their Health is.|Amumu|4.6
Evelyn|jungle|Evelynn strikes out with her Lasher, dealing damage to the first unit hit. Then, Evelynn can shoot a line of spikes at nearby foes up to 3 times.|Rengar|4.1
Ezreal|bottom|Ezreal fires a damaging bolt of energy which reduces all of his cooldowns slightly if it strikes an enemy unit.|Nilah|17.4
Fiddlesticks|jungle|Fiddlesticks damaging enemies with spells while unseen or targeting an enemy with Terrify's activation strikes a target unit with fear, causing it to flee in terror for a duration.|Olaf|4.5
Fiora|top|Fiora lunges in a direction and stabs a nearby enemy, dealing physical damage and applying on-hit effects.|Poppy|8.8
Fizz|mid|Fizz dashes through his target, dealing magic damage and applying on hit effects.|Ziggs|3.4
Gangplank|top|Shoots target, plundering Gold for each enemy unit killed.|Olaf|6
Garen|top|Garen gains a burst of Move Speed, breaking free of all slows affecting him. His next attack strikes a vital area of his foe, dealing bonus damage and silencing them.|Quinn|5.6
Graves|jungle|Graves fires an explosive shell that detonates after 2 seconds, or 0.2 seconds if it strikes terrain.|Rammus|15.7
Hecarim|jungle|Hecarim cleaves nearby enemies dealing physical damage. If Hecarim damages at least one enemy, he increases the damage and lowers the cooldown of subsequent Rampages.|Mordekaiser|11.2
Heimerdinger|mid|Heimerdinger lays down a rapid-fire cannon turret equipped with a secondary pass-through beam attack (turrets deal half damage to towers).|Sona|3.9
Irelia|mid|Irelia dashes forward to strike her target, healing herself. If the target is Marked or dies to Bladesurge, its cooldown refreshes.|Anivia|4.1
Irelia|top|Irelia dashes forward to strike her target, healing herself. If the target is Marked or dies to Bladesurge, its cooldown refreshes.|Anivia|4.1
Janna|support|By creating a localized change in pressure and temperature, Janna is able to create a small storm that grows in size with time. She can activate the spell again to release the storm. On release this storm will fly towards the direction it was cast in, dealing damage and knocking away any enemies in its path.|Soraka|6.2
Jarvan|jungle|Jarvan IV extends his lance, dealing physical damage and lowering the Armor of enemies in its path. Additionally, this will pull Jarvan to his Demacian Standard, knocking up enemies in his path.|Fiddlesticks|3.4
Jax|jungle|Jax leaps toward a unit. If they are an enemy, he strikes them with his weapon.|Singed|6.3
Jax|top|Jax leaps toward a unit. If they are an enemy, he strikes them with his weapon.|Singed|6.3
Jhin|bottom|Jhin launches a magical cartridge at an enemy. It can hit up to four targets and gains damage each time it kills.|Seraphine|15.1
Jinx|bottom|Jinx modifies her basic attacks by swapping between Pow-Pow, her minigun and Fishbones, her rocket launcher. Attacks with Pow-Pow grant Attack Speed, while attacks with Fishbones deal area of effect damage, gain increased range, but drain Mana and attack slower.|Seraphine|8.6
K'Sante|top|Strike a weapon forward, damaging and slowing all enemies in a short line. On hit, grants a stack for a few seconds. At 2 stacks, this skill fires a shockwave that pulls enemies in.|Garen|9.7
Kai'Sa|bottom|Kai'Sa shoots a swarm of missiles that seek out nearby targets. Living Weapon: Icathian Rain is upgraded to shoot more missiles.|Nilah|29
Kalista|bottom|Throw a fast moving spear that passes through enemies it kills.|Kog'Maw|3.1
Karma|support|Karma sends forth a ball of spirit energy that explodes and deals damage upon hitting an enemy unit. Mantra Bonus: In addition to the explosion, Mantra increases the destructive power of her Inner Flame, creating a cataclysm which deals damage after a short delay.|Taric|9
Kassadin|mid|Kassadin fires an orb of void energy at a target, dealing damage and interrupting channels. The excess energy forms around himself, granting a temporary shield that absorbs magic damage.|Tristana|4
Katarina|mid|Katarina throws a Dagger at the target that then bounces to nearby enemies before ricocheting onto the ground.|Tristana|7.6
Kayn|jungle|Kayn dashes, then slashes. Both deal damage.|Fiddlesticks|8.5
Kha'Zix|jungle|Deals physical damage to the target. Damage increased on Isolated targets. If he chooses to Evolve Reaper Claws, this refunds a percent of it's cooldown against Isolated targets. Kha'Zix also gains increased range on his basic attacks and Taste Their Fear.|Rengar|5.8
Kindred|jungle|Kindred tumbles and shoots up to three arrows at nearby targets.|Shaco|7.4
Leblanc|mid|LeBlanc projects a sigil, dealing damage and marking the target for 3.5 seconds. Damaging the marked target with an ability detonates the sigil, dealing additional damage.|Malzahar|4
Lee Sin|jungle|Sonic Wave: Lee Sin projects a discordant wave of sound to locate his enemies, dealing physical damage to the first enemy it encounters. If Sonic Wave hits, Lee Sin can cast Resonating Strike for the next 3 seconds. Resonating Strike: Lee Sin dashes to the enemy hit by Sonic Wave, dealing physical damage based on the target's missing Health.|Fiddlesticks|10.6
Leona|support|Leona uses her shield to perform her next basic attack, dealing bonus magic damage and stunning the target.|Sona|5.2
Lucian|bottom|Lucian shoots a bolt of piercing light through a target.|Seraphine|14.4
Lulu|support|Pix and Lulu each fire a bolt of magical energy that damages and heavily slows all enemies it hits.|Sona|11.6
Lux|mid|Lux releases a sphere of light that binds and deals damage to up to two enemy units.|Blitzcrank|8
Lux|support|Lux releases a sphere of light that binds and deals damage to up to two enemy units.|Blitzcrank|8
Malzahar|mid|Malzahar opens up two portals to the Void. After a short delay, they fire projectiles that deal Magic Damage and silence enemy champions.|Talon|5.3
Maokai|top|Maokai knocks back nearby enemies with a shockwave, dealing magic damage and slowing them.|Janna|3.3
Master Yi|jungle|Master Yi teleports across the battlefield with blinding speed, dealing physical damage to multiple units in his path, while simultaneously becoming untargetable. Alpha Strike can critically strike and deals bonus physical damage to monsters. Basic attacks reduce Alpha Strike's cooldown.|Fiddlesticks|5.8
Miss Fortune|bottom|Miss Fortune fires a bullet at an enemy, damaging them and a target behind them. Both strikes can also apply Love Tap.|Seraphine|10.4
Mordekaiser|stop|Mordekaiser smashes the ground with his mace dealing damage to each enemy struck. Damage is increased when hitting a single enemy.|Singed|6.1
Morgana|support|Morgana binds an enemy in place with dark magic, forcing them to feel the pain they've caused and dealing magic damage.|Zyra|6
Nami|support|Sends a bubble to a target area, dealing damage and stunning all enemies on impact.|Maokai|15.4
Nasus|top|Nasus strikes his foe, dealing damage and increasing the power of his future Siphoning Strikes if he slays his target.|Kled|5.1
Nautilus|support|Nautilus hurls his anchor forward. Colliding with an enemy pulls them and Nautilus together, dealing magic damage. Colliding with terrain pulls Nautilus towards it.|Taric|8.1
Nidalee|jungle|In human form, Nidalee throws a spiked javelin at her target that gains damage as it flies. As a cougar, her next attack will attempt to fatally wound her target, dealing more damage the less life they have.|Poppy|4.2
Nocturne|jungle|Nocturne throws a shadow blade that deals damage, leaves a Dusk Trail, and causes champions to leave a Dusk Trail. While on the trail, Nocturne can move through units and has increased Move Speed and Attack Damage.|Udyr|3.4
Ornn|top|Ornn slams the ground, sending out a fissure dealing damage and slowing enemies hit. After a small delay, a magma pillar forms at the end location.|Warwick|6.2
Pantheon|mid|Pantheon either thrusts his spear or throws his spear in the chosen direction.|Fighter|4.6
Pantheon|support|Pantheon either thrusts his spear or throws his spear in the chosen direction.|Fighter|4.6
Pyke|support|Pyke either stabs an enemy in front of him or pulls an enemy towards him.|Rell|9.3
Rakan|support|Flings a magical feather that deals magic damage. Striking a champion or epic monster enables Rakan to heal his allies.|Maokai|3.1
Rammus|jungle|Rammus accelerates in a ball towards his enemies, dealing damage and slowing targets affected by the impact.|Mordekaiser|3.7
Renata Glasc|support|Renata sends out a missile rooting the first enemy hit, and can recast the ability to throw the unit in a direction.|Heimerdinger|7.2
Renekton|top|Renekton swings his blade, dealing moderate physical damage to all targets around him, and heals for a small portion of the damage dealt. If he has more than 50 Fury, his damage and heal are increased.|Rengar|5.5
Rengar|jungle|Rengar's next attack brutally stabs his target for bonus damage. Ferocity effect: deals increased damage and grants Attack Speed.|Pantheon|3.3
Riven|top|Riven lashes out in a series of strikes. This ability can be reactivated three times in a short time frame with the third hit knocking back nearby enemies.|Quinn|4
Samira|bottom|Samira fires a shot or swings her sword, dealing damage. If cast during Wild Rush, strike all enemies in her path upon completion.|Nilah|9.4
Sejuani|jungle|Sejuani charges forward, knocking enemies into the air. The charge stops after hitting an enemy champion.|Volibear|5.6
Senna|support|From the twin barrels of her Relic Cannon, Senna fires a unified beam of light and shadow through a target, healing allies and damaging enemies.|Ve'Koz|5.2
Seraphine|support|Seraphine deals damage in an area.|Zilean|3.2
Sett|jungle|Sett's next two attacks deal additional damage based off of the target's max health. Sett also gains Move Speed while moving towards enemy champions.|Olaf|6.9
Sett|support|Sett's next two attacks deal additional damage based off of the target's max health. Sett also gains Move Speed while moving towards enemy champions.|Olaf|6.9
Sett|top|Sett's next two attacks deal additional damage based off of the target's max health. Sett also gains Move Speed while moving towards enemy champions.|Olaf|6.9
Shaco|jungle|Shaco becomes Invisible and teleports to target location. His first attack while Invisible is empowered, dealing bonus damage and critically striking if he attacks from behind.|Karthus|4.8
Shen|top|Shen recalls his spirit blade to attack with it, dealing damage based on the target's max health. The attacks are greatly empowered if it collides with an enemy champion, and all collided enemies are slowed while running away from Shen.|Illaoi|5.4
Sion|top|Sion charges a powerful swing in an area in front of himself that will deal damage to enemies when released. If he charges for enough time, enemies hit by the swing will also be knocked up and stunned.|Warwick|3.9
Sivir|bottom|Sivir hurls her crossblade like a boomerang, dealing damage each way.|Seraphine|5.6
Sona|support|Sona plays the Hymn of Valor, sends out bolts of sound, dealing magic damage to two nearby enemies, prioritizing champions and monsters. Sona gains a temporary aura that grants allies tagged by the zone bonus damage on their next attack against enemies.|Blitzcrank|3.2
Soraka|support|A star falls from the sky at the target location dealing magic damage and slowing enemies. If an enemy champion is hit by Starcall, Soraka recovers Health.|Maokai|6.8
Sylas|mid|Sylas lashes his chains out, intersecting at his targeted location dealing damage to and slowing enemies. After a delay, magical energy explodes from the intersection point dealing damage.|Heimerdinger|17.3
Syndra|mid|Syndra conjures a Dark Sphere dealing magic damage. The sphere remains and can be manipulated by her other powers.|Katarina|12.8
Thresh|support|Thresh binds an enemy in chains and pulls them toward him. Activating this ability a second time pulls Thresh to the enemy.|Vel'Koz|10.7
Tristana|bottom|Tristana fires her weapon rapidly, increasing her Attack Speed for a short time.|Nilah|7.7
Twitch|bottom|Twitch becomes Camouflaged for a short duration and gains Move Speed. When leaving Camouflage, Twitch gains Attack Speed for a short duration. When an enemy champion with Deadly Venom dies, Ambush's cooldown is reset.|Nilah|6
Udyr|jungle|Udyr gains attack speed and his next two attacks deal bonus physical damage. Recast: Gain even more attack speed, and the next two attacks call lightning to strike the target.|Wukong|5
Varus|bottom|Varus readies and then fires a powerful shot that gains extra range and damage the longer he spends preparing to fire.|Seraphine|11.5
Vayne|bottom|Vayne tumbles, maneuvering to carefully place her next shot. Her next attack deals bonus damage.|Tristana|5.6
Vayne|top|Vayne tumbles, maneuvering to carefully place her next shot. Her next attack deals bonus damage.|Tristana|5.6
Vex|mid|Launch a damaging missile that accelerates mid-flight.|Swain|7.3
Viego|jungle|Viego's spectral blade passively deals bonus percent current Health damage On-Hit and strikes twice vs. enemies he recently hit with an Ability, stealing Health. Viego can activate this Ability to thrust his zweihander forward, impaling enemies in front of him.|Elise|12.6
Viktor|mid|Viktor blasts an enemy unit dealing magic damage, gaining a shield and empowering his next basic attack. Augment: Siphon Power's shield is increased by 60% and Viktor gains bonus Move Speed after casting.|Vel'Koz|10.4
Vi|jungle|Vi charges her gauntlets and unleashes a vault shattering punch, carrying her forward. Enemies she hits are knocked back and receive a stack of Denting Blows.|Volibear|4
Vladimir|mid|Vladimir steals life from the target enemy. When Vladimir's resource is full, Transfusion will benefit from massively increased damage and healing for a brief time.|Malzahar|4.7
Vladimir|top|Vladimir steals life from the target enemy. When Vladimir's resource is full, Transfusion will benefit from massively increased damage and healing for a brief time.|Malzahar|4.7
Xayah|bottom|Xayah throws two damaging daggers that also drop Feathers she can recall.|Jhin|3.9
Xerath|mid|Fires a long-range beam of energy, dealing magic damage to all targets hit.|Rell|3.8
Xerath|support|Fires a long-range beam of energy, dealing magic damage to all targets hit.|Rell|3.8
Yasuo|bottom|Thrusts forward, damaging all enemies in a line. On hit, grants a stack of Gathering Storm for a few seconds. At 2 stacks, Steel Tempest fires a whirlwind that knocks Airborne. Steel Tempest is treated as a basic attack and scales with all the same things.|Pantheon|7.6
Yasuo|mid|Thrusts forward, damaging all enemies in a line. On hit, grants a stack of Gathering Storm for a few seconds. At 2 stacks, Steel Tempest fires a whirlwind that knocks Airborne. Steel Tempest is treated as a basic attack and scales with all the same things.|Pantheon|7.6
Yasuo|top|Thrusts forward, damaging all enemies in a line. On hit, grants a stack of Gathering Storm for a few seconds. At 2 stacks, Steel Tempest fires a whirlwind that knocks Airborne. Steel Tempest is treated as a basic attack and scales with all the same things.|Pantheon|7.6
Yone|mid|Thrusts forward, damaging all enemies in a line. On hit, grants a stack of Gathering Storm for a few seconds. At 2 stacks, Mortal Steel dashes Yone forward with a gust of wind knocking enemies Airborne. Mortal Steel is treated as a basic attack and scales with all the same things.|Pantheon|8
Yuumi|support|Yuumi fires a missile, dealing damage to the first target hit. It deals bonus damage and slows if it takes at least 1 second to get to its target. While Attached, the missile can be controlled with your cursor.|Rell|11.1
Zac|jungle|Zac stretches an arm, grabbing an enemy. Attacking a different enemy will cause him to throw both targets towards each other.|Nocturne|5.3
Zed|mid|Zed and his shadows throw their shurikens. Each shuriken deals damage to every enemy hit.|Rumble|8.7
Zilean|support|Tosses a bomb to target area that sticks to units that come near it (prioritizes Champions). It detonates after 3 seconds, dealing area of effect damage. If a Time Bomb is detonated early by another Time Bomb, it also stuns enemies.|Rell|3.6
Zyra|support|Thick vines spread through the ground and explode into spines, dealing magic damage to enemies within the area. If cast near a seed, Deadly Spines grows a Thorn Spitter plant, which fires at enemies from afar.|Twitch|3.7
