Aatrox               Justicar                      
Aatrox               Mecha                         
Aatrox               Sea Hunter                    
Aatrox               Odyssey                       
Aatrox               Lunar Eclipse                 
Aatrox               Blood Moon                    
Ahri                 Arcana                        
Ahri                 Coven                         
Ahri                 K/DA ALL OUT                  
Ahri                 Spirit Blossom                
Ahri                 Elderwood                     
Ahri                 K/DA                          
Ahri                 Star Guardian                 
Ahri                 Arcade                        
Ahri                 Academy                       
Ahri                 Popstar                       
Ahri                 Foxfire                       
Ahri                 Dynasty                       
Ahri                 Midnight                      
Akali                Star Guardian                 
Akali                Crime City Nightmare          
Akali                K/DA ALL OUT                  
Akali                True Damage                   
Akali                Project                       
Akali                K/DA                          
Akali                Sashimi                       
Akali                Headhunter                    
Akali                Silverfang                    
Akali                Blood Moon                    
Akali                Nurse                         
Akshan               Crystal Rose                  
Akshan               Cyber Pop                     
Alistar              SKT T1                        
Alistar              Blackfrost                    
Alistar              Moo Cow                       
Alistar              Marauder                      
Alistar              Infernal                      
Alistar              Golden                        
Amumu                Pumpkin Prince                
Amumu                Porcelain                     
Amumu                Infernal                      
Amumu                Surprise Party                
Amumu                Sad Robot                     
Amumu                Little Knight                 
Amumu                Emumu                         
Anivia               Bewitching Batnivia           
Anivia               Divine Phoenix                
Anivia               Prehistoric                   
Anivia               Cosmic Flight                 
Anivia               Papercraft                    
Anivia               Festival Queen                
Anivia               Blackfrost                    
Anivia               Bird Of Prey                  
Annie                FrankenTibbers                
Annie                Fright Night                  
Annie                Cafe Cuties                   
Annie                Super Galaxy                  
Annie                Panda                         
Annie                Reverse                       
Annie                Frostfire                     
Aphelios             Spirit Blossom                
Aphelios             EDG                           
Aphelios             Nightbringer                  
Ashe                 Championship                  
Ashe                 Ocean Song                    
Ashe                 Coven                         
Ashe                 Fae Dragon                    
Ashe                 High Noon                     
Ashe                 Cosmic Queen                  
Ashe                 Project                       
Ashe                 Marauder                      
Ashe                 Amethyst                      
Ashe                 Sherwood Forest               
Ashe                 Woad                          
Aurelion Sol         Storm Dragon                  
Aurelion Sol         Mecha                         
Aurelion Sol         Ashen Lord                    
Azir                 Worlds 2022                   
Azir                 SKT T1                        
Azir                 Elderwood                     
Azir                 Gravelord                     
Azir                 Galactic                      
Bard                 Cafe Cuties                   
Bard                 Astronaut                     
Bard                 Bard                          
Bard                 Snow Day                      
Bard                 Elderwood                     
Bel'Veth             Battle Boss                   
Blitzcrank           Definitely Not                
Blitzcrank           Witch's Brew                  
Blitzcrank           Zenith Games                  
Blitzcrank           Space Groove Blitz & Crank    
Blitzcrank           Lancer Paragon                
Blitzcrank           Lancer Rogue                  
Blitzcrank           Battle Boss                   
Blitzcrank           iBlitzcrank                   
Blitzcrank           Piltover                      
Blitzcrank           Boom Boom                     
Brand                Zombie                        
Brand                Debonair                      
Brand                Eternal Dragon                
Brand                Arclight                      
Brand                Battle Boss                   
Brand                Spirit Fire                   
Brand                Cryocore                      
Brand                Apocalyptic                   
Braum                Pool Party                    
Braum                Sugar Rush                    
Braum                Crime City                    
Braum                Lionheart                     
Braum                El Tigre                      
Braum                Dragonslayer                  
Caitlyn              Battle Academia               
Caitlyn              Pulsefire                     
Caitlyn              Snow Moon                     
Caitlyn              Arcane                        
Caitlyn              Arcade                        
Caitlyn              Pool Party                    
Caitlyn              Headhunter                    
Caitlyn              Officer                       
Caitlyn              Arctic Warfare                
Caitlyn              Resistance                    
Camille              iG                            
Camille              Strike Commander              
Camille              Arcana                        
Camille              Coven                         
Camille              Program                       
Cassiopeia           Bewitching                    
Cassiopeia           Coven                         
Cassiopeia           Spirit Blossom                
Cassiopeia           Eternum                       
Cassiopeia           Jade Fang                     
Cassiopeia           Mythic                        
Cassiopeia           Desperada                     
Cassiopeia           Siren                         
Cho'Gath             Battlecast Prime              
Cho'Gath             Gentleman                     
Cho'Gath             Shan Hai Scrolls              
Cho'Gath             El Macho                      
Cho'Gath             Prehistoric                   
Cho'Gath             Jurassic                      
Corki                Fnatic                        
Corki                Astronaut                     
Corki                Corgi                         
Corki                Arcade                        
Corki                Dragonwing                    
Corki                Urfrider                      
Darius               God-King                      
Darius               Dunkmaster                    
Darius               Bioforge                      
Darius               Spirit Blossom                
Darius               Crime City Nightmare          
Darius               High Noon                     
Darius               Academy                       
Darius               Woad King                     
Darius               Lord                          
Diana                Sentinel                      
Diana                Battle Queen                  
Diana                Dragonslayer                  
Diana                Dark Waters                   
Diana                Blood Moon                    
Diana                Infernal                      
Diana                Lunar Goddess                 
Diana                Dark Valkyrie                 
Dr. Mundo            Mundo                         
Dr. Mundo            TPA                           
Dr. Mundo            Corporate                     
Dr. Mundo            El Macho                      
Dr. Mundo            Pool Party                    
Dr. Mundo            Rageborn                      
Draven               Primetime                     
Draven               Fright Night                  
Draven               Debonair                      
Draven               Ruined                        
Draven               Mecha Kingdoms                
Draven               Draven                        
Draven               Beast Hunter                  
Draven               Pool Party                    
Draven               Gladiator                     
Draven               Soul Reaver                   
Ekko                 Trick Or Treat                
Ekko                 SKT T1                        
Ekko                 True Damage                   
Ekko                 Star Guardian                 
Ekko                 Firelight                     
Ekko                 Pulsefire                     
Ekko                 Project                       
Ekko                 Academy                       
Ekko                 Sandstorm                     
Elise                Bewitching                    
Elise                SKT T1                        
Elise                Withered Rose                 
Elise                Super Galaxy                  
Elise                Blood Moon                    
Elise                Death Blossom                 
Evelyn               Coven                         
Evelyn               Spirit Blossom                
Evelyn               K/DA ALL OUT                  
Evelyn               Sugar Rush                    
Evelyn               K/DA                          
Evelyn               Blood Moon                    
Evelyn               Safecracker                   
Evelyn               Tango                         
Evelyn               Shadow                        
Ezreal               SSG                           
Ezreal               TPA                           
Ezreal               Porcelain Protector           
Ezreal               Battle Academia               
Ezreal               Pulsefire                     
Ezreal               PsyOps                        
Ezreal               Pajama Guardian               
Ezreal               Star Guardian                 
Ezreal               Arcade                        
Ezreal               Ace Of Spades                 
Ezreal               Debonair                      
Ezreal               Frosted                       
Fiddlesticks         Pumpkinhead                   
Fiddlesticks         Suprise Party                 
Fiddlesticks         Star Nemesis                  
Fiddlesticks         Praetorian                    
Fiddlesticks         Risen                         
Fiddlesticks         Bandito                       
Fiddlesticks         Spectral                      
Fiora                Bewitching                    
Fiora                Headmistress                  
Fiora                iG                            
Fiora                Pulsefire                     
Fiora                Soaring Sword                 
Fiora                Pool Party                    
Fiora                Project                       
Fiora                Nightraven                    
Fiora                Royal Guard                   
Fizz                 Little Devil                  
Fizz                 Fuzz                          
Fizz                 Omega Squad                   
Fizz                 Super Galaxy                  
Fizz                 Cottontail                    
Fizz                 Void                          
Fizz                 Fisherman                     
Fizz                 Atlantean                     
Fizz                 Tundra                        
Galio                Gatekeeper                    
Galio                Dragon Guardian               
Galio                Infernal                      
Galio                Birdio                        
Galio                Debonair                      
Galio                Commando                      
Galio                Enchanted                     
Gangplank            FPX                           
Gangplank            The Betrayer                  
Gangplank            Pool Party                    
Gangplank            Dreadnova                     
Gangplank            Captain                       
Gangplank            Sultan                        
Gangplank            Special Forces                
Gangplank            Minuteman                     
Gangplank            Spooky                        
Garen                God-King                      
Garen                Battle Academia               
Garen                Mecha Kingdoms                
Garen                Demacia Vice                  
Garen                Rogue Admiral                 
Garen                Steel Legion                  
Garen                Rugged                        
Garen                Dreadknight                   
Garen                Commando                      
Gnar                 SSG                           
Gnar                 Elderwood                     
Gnar                 Astronaut                     
Gnar                 Super Galaxy                  
Gnar                 El Leon                       
Gnar                 Gentleman                     
Gnar                 Dino                          
Gragas               Fnatic                        
Gragas               Gragas, Esq.                  
Gragas               Warden                        
Gragas               Arctic Ops                    
Gragas               Caskbreaker                   
Gragas               Oktoberfest                   
Gragas               Hillbilly                     
Graves               EDG                           
Graves               Sentinel                      
Graves               Battle Professor              
Graves               Praetorian                    
Graves               Cutthroat                     
Graves               Pool Party                    
Graves               Crime City                    
Graves               Hired Gun                     
Gwen                 Cafe Cuties                   
Gwen                 Space Groove                  
Hecarim              Headless                      
Hecarim              Arcana                        
Hecarim              Cosmic Charger                
Hecarim              High Noon                     
Hecarim              Worldbreaker                  
Hecarim              Elderwood                     
Hecarim              Arcade                        
Hecarim              Reaper                        
Heimerdinger         Dragon Trainer                
Heimerdinger         Pool Party                    
Heimerdinger         Heimerstinger                 
Heimerdinger         Hazmat                        
Heimerdinger         Piltover Customs              
Heimerdinger         Blast Zone                    
Illaoi               Snow Moon                     
Illaoi               Cosmic Invoker                
Illaoi               Resistance                    
Illaoi               Void Bringer                  
Irelia               iG                            
Irelia               Sentinel                      
Irelia               High Noon                     
Irelia               Project                       
Irelia               Divine Sword                  
Irelia               Order Of The Lotus            
Irelia               Frostblade                    
Irelia               Aviator                       
Irelia               Nightblade                    
Ivern                Old God                       
Ivern                Dunkmaster                    
Ivern                Candy King                    
Janna                Bewitching                    
Janna                Fnatic                        
Janna                Forecast                      
Janna                Cyber Halo                    
Janna                Crystal Rose                  
Janna                Battle Queen                  
Janna                Guardian Of The Sands         
Janna                Sacred Sword                  
Janna                Star Guardian                 
Janna                Frost Queen                   
Jarvan               Fnatic                        
Jarvan               SSG                           
Jarvan               Worlds 2021                   
Jarvan               Pool Party                    
Jarvan               Dark Star                     
Jarvan               Warring Kingdoms              
Jarvan               Darkforge                     
Jarvan               Commando                      
Jarvan               Dragonslayer                  
Jax                  SKT T1                        
Jax                  Mecha Kingdoms                
Jax                  Empyrean                      
Jax                  God Staff                     
Jax                  Warden                        
Jax                  Nemesis                       
Jax                  Temple                        
Jax                  Jaximus                       
Jayce                Arcane                        
Jayce                Zenith Games                  
Jayce                Resistance                    
Jayce                Battle Academia               
Jayce                Brighthammer                  
Jayce                Forsaken                      
Jayce                Debonair                      
Jayce                Full Metal                    
Jhin                 DWG                           
Jhin                 SKT T1                        
Jhin                 Dark Cosmic                   
Jhin                 High Noon                     
Jhin                 Empyrean                      
Jhin                 Shan Hai Scrolls              
Jhin                 Project                       
Jhin                 Blood Moon                    
Jinx                 Zombie Slayer                 
Jinx                 Star Guardian                 
Jinx                 Battle Cat                    
Jinx                 Arcane                        
Jinx                 Project                       
Jinx                 Odyssey                       
Jinx                 Firecracker                   
Jinx                 Crime City                    
K'Sante              Empyrean                      
Kai'Sa               iG                            
Kai'Sa               Star Guardian                 
Kai'Sa               Lagoon Dragon                 
Kai'Sa               K/DA ALL OUT                  
Kai'Sa               Arcade                        
Kai'Sa               K/DA                          
Kai'Sa               Bullet Angel                  
Kalista              Championship                  
Kalista              SKT T1                        
Kalista              Marauder                      
Kalista              Blood Moon                    
Karma                Sakura                        
Karma                Tranquility Dragon            
Karma                Ruined                        
Karma                Odyssey                       
Karma                Dark Star                     
Karma                Warden                        
Karma                Order Of The Lotus            
Karthus              Fnatic                        
Karthus              Pentakill III:Lost Chapter    
Karthus              Infernal                      
Karthus              Lightsbane                    
Karthus              Pentakill                     
Karthus              Grim Reaper                   
Karthus              Statue Of Karthus             
Kassadin             Count                         
Kassadin             Shockblade                    
Kassadin             Cosmic Reaver                 
Kassadin             Harbinger                     
Kassadin             Pre-Void                      
Katarina             Death Sworn                   
Katarina             Kitty Cat                     
Katarina             Battle Queen                  
Katarina             High Noon                     
Katarina             Blood Moon                    
Katarina             Battle Academia               
Katarina             Project                       
Katarina             Warring Kingdoms              
Katarina             Sandstorm                     
Katarina             High Command                  
Katarina             Mercenary                     
Kayle                Aether Wing                   
Kayle                Sun-Eater                     
Kayle                Pentakill III:Lost Chapter    
Kayle                Dragonslayer                  
Kayle                PsyOps                        
Kayle                Pentakill                     
Kayle                Iron Inquisitor               
Kayle                Battleborn                    
Kayle                Viridian                      
Kayn                 Odyssey                       
Kayn                 Snow Moon                     
Kayn                 Nightbringer                  
Kayn                 Soulhunter                    
Kennen               DWG                           
Kennen               Infernal                      
Kennen               Super                         
Kennen               Blood Moon                    
Kennen               Arctic Ops                    
Kennen               M.D.                          
Kennen               Karate                        
Kha'Zix              Championship                  
Kha'Zix              Odyssey                       
Kha'Zix              Dark Star                     
Kha'Zix              Death Blossom                 
Kha'Zix              Guardian Of The Sands         
Kha'Zix              Mecha                         
Kindred              Porcelain                     
Kindred              Spirit Blossom                
Kindred              Super Galaxy                  
Kindred              Shadowfire                    
Kled                 Count Kledula                 
Kled                 Marauder                      
Kled                 Sir                           
Kog'Maw              Zap'Maw                       
Kog'Maw              Bee'Maw                       
Kog'Maw              Arcanist                      
Kog'Maw              Pug'Maw                       
Kog'Maw              Battlecast                    
Kog'Maw              Jurassic                      
Kog'Maw              Lion Dance                    
Kog'Maw              Monarch                       
Leblanc              Bewitching                    
Leblanc              Ravenborn                     
Leblanc              Championship                  
Leblanc              iG                            
Leblanc              Debonair                      
Leblanc              Coven                         
Leblanc              Program                       
Leblanc              Elderwood                     
Leblanc              Prestigious                   
Leblanc              Wicked                        
Lee Sin              FPX                           
Lee Sin              SKT T1                        
Lee Sin              Storm Dragon                  
Lee Sin              God Fist                      
Lee Sin              Zenith Games                  
Lee Sin              Nightbringer                  
Lee Sin              Knockout                      
Lee Sin              Pool Party                    
Lee Sin              Muay Thai                     
Lee Sin              Dragon Fist                   
Lee Sin              Acolyte                       
Lee Sin              Traditional                   
Leona                DWG                           
Leona                High Noon                     
Leona                Lunar Eclipse                 
Leona                Solar Eclipse                 
Leona                Debonair                      
Leona                Battle Academia               
Leona                Mecha Kingdoms                
Leona                Barbecue                      
Leona                Project                       
Leona                Pool Party                    
Leona                Iron Solari                   
Leona                Valkyrie                      
Lillia               Nightbringer                  
Lillia               Spirit Blossom                
Lissandra            Porcelain                     
Lissandra            Dark Cosmic                   
Lissandra            Coven                         
Lissandra            Program                       
Lissandra            Blade Queen                   
Lissandra            Bloodstone                    
Lucian               High Noon                     
Lucian               Strike Paladin                
Lucian               Arcana                        
Lucian               Pulsefire                     
Lucian               Demacia Vice                  
Lucian               Project                       
Lucian               HIred Gun                     
Lulu                 Wicked                        
Lulu                 Monster Tamer                 
Lulu                 Space Groove                  
Lulu                 Pajama Guardian               
Lulu                 Cosmic Enchantress            
Lulu                 Star Guardian                 
Lulu                 Pool Party                    
Lulu                 Dragon Trainer                
Lux                  Cosmic                        
Lux                  Dark Cosmic                   
Lux                  Elementalist                  
Lux                  Empyrean                      
Lux                  Porcelain                     
Lux                  Space Groove                  
Lux                  Battle Academia               
Lux                  Pajama Guardian               
Lux                  Star Guardian                 
Lux                  Steel Legion                  
Lux                  Commando                      
Lux                  Sorceress                     
Lux                  Spellthief                    
Malphite             FPX                           
Malphite             Mecha                         
Malphite             Old God                       
Malphite             Dark Star                     
Malphite             Odyssey                       
Malphite             Ironside                      
Malphite             Glacial                       
Malzahar             Debonair                      
Malzahar             Beezahar                      
Malzahar             Worldbreaker                  
Malzahar             Battle Boss                   
Malzahar             Overlord                      
Malzahar             Djinn                         
Malzahar             Shadow Prince                 
Maokai               Haunted                       
Maokai               Charred                       
Maokai               Totemic                       
Maokai               Astronaut                     
Maokai               Worldbreaker                  
Maokai               Meowkai                       
Master Yi            Project                       
Master Yi            Spirit Blossom                
Master Yi            Debonair                      
Master Yi            PsyOps                        
Master Yi            Blood Moon                    
Master Yi            Eternal Sword                 
Master Yi            Cosmic Blade                  
Master Yi            Headhunter                    
Master Yi            Samurai                       
Master Yi            Assassin                      
Master Yi            Chosen                        
Master Yi            Ionia                         
Miss Fortune         Bewitching                    
Miss Fortune         Battle Bunny                  
Miss Fortune         Gun Goddess                   
Miss Fortune         Ruined                        
Miss Fortune         Pajama Guardian               
Miss Fortune         Star Guardian                 
Miss Fortune         Pool Party                    
Miss Fortune         Captain                       
Miss Fortune         Arcade                        
Miss Fortune         Crime City                    
Miss Fortune         Cowgirl                       
Miss Fortune         Waterloo                      
Mordekaiser          Project                       
Mordekaiser          High Noon                     
Mordekaiser          Pentakill III:Lost Chapter    
Mordekaiser          Dark Star                     
Mordekaiser          King Of Clubs                 
Mordekaiser          Lord                          
Mordekaiser          Infernal                      
Mordekaiser          Pentakill                     
Morgana              Bewitching                    
Morgana              Coven                         
Morgana              Star Nemesis                  
Morgana              Dawnbringer                   
Morgana              Majestic Empress              
Morgana              Ghost Bride                   
Morgana              Blackthorn                    
Morgana              Blade Mistress                
Nami                 Bewitching                    
Nami                 SKT T1                        
Nami                 Splendid Staff                
Nami                 Cosmic Destiny                
Nami                 Program                       
Nami                 Deep Sea                      
Nami                 Urf The Nami-Tee              
Nami                 River Spirit                  
Nami                 Koi                           
Nasus                Infernal                      
Nasus                Armored Titan                 
Nasus                Space Groove                  
Nasus                Battlecast                    
Nasus                Worldbreaker                  
Nasus                Archduke                      
Nasus                Dreadknight                   
Nasus                Pharaoh                       
Nasus                Galactic                      
Nautilus             Fright Night                  
Nautilus             Shan Hai Scrolls              
Nautilus             Worldbreaker                  
Nautilus             Warden                        
Nautilus             AstroNautilus                 
Nautilus             Abyssal                       
Nautilus             Subterranean                  
Neeko                Bewitching                    
Neeko                Shan Hai Scrolls              
Neeko                Star Guardian                 
Nidalee              Bewitching                    
Nidalee              DWG                           
Nidalee              Ocean Song                    
Nidalee              Cosmic Huntress               
Nidalee              Dawnbringer                   
Nidalee              Super Galaxy                  
Nidalee              Warring Kingdoms              
Nidalee              Headhunter                    
Nidalee              Pharaoh                       
Nidalee              French Maid                   
Nilah                Star Guardian                 
Nocturne             Haunting                      
Nocturne             Eternum                       
Nocturne             Old God                       
Nocturne             Cursed Revenant               
Nocturne             Ravager                       
Nocturne             Frozen Terror                 
Nunu & Willump       Zombie                        
Nunu & Willump       TPA                           
Nunu & Willump       Bot                           
Nunu & Willump       Nunu & Beelump                
Nunu & Willump       Space Groove                  
Nunu & Willump       Papercraft                    
Nunu & Willump       Demolisher                    
Nunu & Willump       Grungy                        
Olaf                 SKT T1                        
Olaf                 Brolaf                        
Olaf                 Pentakill III:Lost Chapter    
Olaf                 Sentinel                      
Olaf                 Dragonslayer                  
Olaf                 Butcher                       
Olaf                 Marauder                      
Olaf                 Pentakill                     
Orianna              TPA                           
Orianna              Orbeeanna                     
Orianna              Pool Party                    
Orianna              Dark Star                     
Orianna              Bladecraft                    
Orianna              Gothic                        
Orianna              Sewn Chaos                    
Ornn                 Elderwood                     
Ornn                 Thunder Lord                  
Pantheon             Zombie Slayer                 
Pantheon             Baker                         
Pantheon             Ruined                        
Pantheon             Pulsefire                     
Pantheon             Dragonslayer                  
Pantheon             Full Metal                    
Pantheon             Myrmidon                      
Poppy                Bewitching                    
Poppy                Lollipoppy                    
Poppy                Astronaut                     
Poppy                Star Guardian                 
Poppy                Scarlet Hammer                
Poppy                Battle Regalia                
Pyke                 Empyrean                      
Pyke                 Project                       
Pyke                 Blood Moon                    
Pyke                 Sentinel                      
Pyke                 PsyOps                        
Pyke                 Sand Wraith                   
Qiyana               Shockblade                    
Qiyana               Battle Queen                  
Qiyana               True Damage                   
Qiyana               Battle Boss                   
Quinn                Phoenix                       
Quinn                Star Guardian                 
Quinn                Warden                        
Quinn                Corsair                       
Quinn                Woad Scout                    
Rakan                iG                            
Rakan                SSG                           
Rakan                Star Guardian                 
Rakan                Arcana                        
Rakan                Elderwood                     
Rakan                Cosmic Dawn                   
Rammus               Astronaut                     
Rammus               Guardian Of The Sands         
Rammus               Full Metal                    
Rammus               Freljord                      
Rammus               Chrome                        
Rek'Sai              Elderwood                     
Rek'Sai              Pool Party                    
Rek'Sai              Blackfrost                    
Rek'Sai              Eternum                       
Rell                 Star Guardian                 
Rell                 Battle Queen                  
Renata Glasc         Fright Night                  
Renata Glasc         Admiral                       
Renekton             SKT T1                        
Renekton             Project                       
Renekton             Blackfrost                    
Renekton             Renektoy                      
Renekton             Prehistoric                   
Renekton             Scorched Earth                
Renekton             Pool Party                    
Renekton             Bloodfury                     
Rengar               SSW                           
Rengar               Sentinel                      
Rengar               Guardian Of The Sands         
Rengar               Pretty Kitty                  
Rengar               Mecha                         
Rengar               Night Hunter                  
Rengar               Headhunter                    
Riven                Championship 2016             
Riven                Dawnbringer                   
Riven                Battle Bunny Prime            
Riven                Sentinel                      
Riven                Spirit Blossom                
Riven                Valiant Sword                 
Riven                Pulsefire                     
Riven                Arcade                        
Riven                Battle Bunny                  
Riven                Crimson Elite                 
Riven                Redeemed                      
Rumble               Super Galaxy                  
Rumble               Badlands Baron                
Rumble               Space Groove                  
Rumble               Rumble In The Jungle          
Ryze                 Pirate                        
Ryze                 Zombie                        
Ryze                 Championship                  
Ryze                 SKT T1                        
Ryze                 Arcana                        
Ryze                 Guardian Of The Sands         
Ryze                 Whitebeard                    
Ryze                 Dark Crystal                  
Ryze                 Uncle                         
Samira               PsyOps                        
Samira               High Noon                     
Samira               Space Groove                  
Sejuani              Darkrider                     
Sejuani              Solar Eclipse                 
Sejuani              Project                       
Sejuani              Dawnchaser                    
Sejuani              Beast Hunter                  
Sejuani              Bear Cavalry                  
Senna                Bewitching                    
Senna                High Noon                     
Senna                Lunar Eclipse                 
Senna                Project                       
Senna                True Damage                   
Seraphine            K/DA ALL OUT                  
Seraphine            Ocean Song                    
Seraphine            Graceful Phoenix              
Sett                 Spirit Blossom                
Sett                 Pool Party                    
Sett                 Obsidian Dragon               
Sett                 Mecha Kingdoms                
Shaco                Masked                        
Shaco                Crime City Nightmare          
Shaco                Arcanist                      
Shaco                Dark Star                     
Shaco                Wild Card                     
Shaco                Asylum                        
Shaco                Mad Hatter                    
Shaco                Royal                         
Shen                 TPA                           
Shen                 Shockblade                    
Shen                 PsyOps                        
Shen                 Infernal                      
Shen                 Pulsefire                     
Shen                 Warlord                       
Shen                 Blood Moon                    
Shen                 Surgeon                       
Shyvana              Championship                  
Shyvana              Ruined                        
Shyvana              Super Galaxy                  
Shyvana              Ice Drake                     
Shyvana              Darkflame                     
Shyvana              Boneclaw                      
Shyvana              Ironscale                     
Singed               SSW                           
Singed               Resistance                    
Singed               Beekeeper                     
Singed               Black Scourge                 
Singed               Augmented                     
Singed               Surfer                        
Sion                 Mecha Zero                    
Sion                 High Noon                     
Sion                 Blackfrost                    
Sion                 Worldbreaker                  
Sion                 Warmonger                     
Sion                 Lumberjack                    
Sion                 Barbarian                     
Sivir                Solar Eclipse                 
Sivir                Cafe Cuties                   
Sivir                Odyssey                       
Sivir                Blood Moon                    
Sivir                Pizza Delivery                
Sivir                Warden                        
Sivir                Bandit                        
Sivir                Warrior Princess              
Skarner              Cosmic Sting                  
Skarner              Guardian Of The Sands         
Skarner              Sandscourge                   
Skarner              Earthrune                     
Skarner              Battlecast Alpha              
Sona                 PsyOps                        
Sona                 DJ                            
Sona                 Star Guardian                 
Sona                 Pentakill III:Lost Chapter    
Sona                 Odyssey                       
Sona                 Arcade                        
Sona                 Guqin                         
Sona                 Pentakill                     
Soraka               Reaper                        
Soraka               Dawnbringer                   
Soraka               Nightbringer                  
Soraka               Spirit Blossom                
Soraka               Cafe Cuties                   
Soraka               Pajama Guardian               
Soraka               Star Guardian                 
Soraka               Program                       
Soraka               Order Of The Banana           
Soraka               Celestine                     
Soraka               Divine                        
Soraka               Dryad                         
Swain                Crystal Rose                  
Swain                Dragon Master                 
Swain                Tyrant                        
Swain                Bilgewater                    
Swain                Northern Front                
Sylas                Battle Wolf                   
Sylas                Project                       
Sylas                Freljord                      
Syndra               Bewitching                    
Syndra               SKT T1                        
Syndra               Spirit Blossom                
Syndra               Withered Rose                 
Syndra               Pool Party                    
Syndra               Star Guardian                 
Syndra               Queen Of Diamonds             
Syndra               Atlantean                     
Syndra               Justicar                      
Tahm Kench           High Noon                     
Tahm Kench           Arcana                        
Tahm Kench           Urf                           
Tahm Kench           Master Chef                   
Taliyah              SSG                           
Taliyah              Star Guardian                 
Taliyah              Pool Party                    
Taliyah              Freljord                      
Talon                SSW                           
Talon                High Noon                     
Talon                Withered Rose                 
Talon                Blackwood                     
Talon                Enduring Sword                
Talon                Blood Moon                    
Talon                Dragonblade                   
Talon                Crimson Elite                 
Talon                Renegade                      
Taric                Luminshield                   
Taric                Pool Party                    
Taric                Bloodstone                    
Taric                Armor Of The Fifth Age        
Teemo                Little Devil                  
Teemo                Omega Squad                   
Teemo                Spirit Blossom                
Teemo                Beemo                         
Teemo                Panda                         
Teemo                Super                         
Teemo                Cottontail                    
Teemo                Astronaut                     
Thresh               Championship                  
Thresh               FPX                           
Thresh               SSW                           
Thresh               Spirit Blossom                
Thresh               Dark Star                     
Thresh               Steel Dragon                  
Thresh               Unbound                       
Thresh               Pulsefire                     
Thresh               High Noon                     
Thresh               Blood Moon                    
Thresh               Deep Terror                   
Tristana             Bewitching                    
Tristana             Dragon Trainer                
Tristana             Spirit Blossom                
Tristana             Pengu Cosplay                 
Tristana             Little Demon                  
Tristana             Omega Squad                   
Tristana             Rocket Girl                   
Tristana             Buccaneer                     
Trundle              Dragonslayer                  
Trundle              Fright Night                  
Trundle              Worldbreaker                  
Trundle              Constable                     
Trundle              Junkyard                      
Trundle              Lil'Slugger                   
Tryndamere           Demonblade                    
Tryndamere           Nightbringer                  
Tryndamere           Blood Moon                    
Tryndamere           Chemtech                      
Tryndamere           Beast Hunter                  
Tryndamere           Nightmare                     
Tryndamere           Sultan                        
Tryndamere           King                          
Twisted Fate         Underworld                    
Twisted Fate         DWG                           
Twisted Fate         Crime City Nightmare          
Twisted Fate         Odyssey                       
Twisted Fate         Pulsefire                     
Twisted Fate         Blood Moon                    
Twisted Fate         Cutpurse                      
Twisted Fate         Musketeer                     
Twisted Fate         High Noon                     
Twisted Fate         Tango                         
Twisted Fate         Jack Of Hearts                
Twitch               SSW                           
Twitch               High Noon                     
Twitch               Dragonslayer                  
Twitch               Shadowfoot                    
Twitch               Omega Squad                   
Twitch               Pickpocket                    
Twitch               Crime City                    
Udyr                 Spirit Guard                  
Udyr                 Dragon Oracle                 
Udyr                 Definitely Not                
Udyr                 Black Belt                    
Urgot                Fright Night                  
Urgot                Pajama Guardian Cosplay       
Urgot                High Noon                     
Urgot                Battlecast                    
Urgot                Giant Enemy Crabgot           
Varus                High Noon                     
Varus                Project                       
Varus                Cosmic Hunter                 
Varus                Infernal                      
Varus                Dark Star                     
Varus                Swiftbolt                     
Varus                Arctic Ops                    
Varus                Arclight                      
Varus                Blight Crystal                
Vayne                FPX                           
Vayne                SKT T1                        
Vayne                Sentinel                      
Vayne                Project                       
Vayne                Battle Bat                    
Vayne                Spirit Blossom                
Vayne                Arclight                      
Vayne                Dragonslayer                  
Vayne                Aristocrat                    
Veigar               Final Boss                    
Veigar               Monster Tamer                 
Veigar               Astronaut                     
Veigar               Furyhorn Cosplay              
Veigar               Elderwood                     
Veigar               Omega Squad                   
Veigar               Superb Villain                
Veigar               Leprechaun                    
Veigar               Greybeard                     
Veigar               White Mage                    
Vel'Koz              Blackfrost                    
Vel'Koz              Infernal                      
Vel'Koz              Definitely Not                
Vel'Koz              Arclight                      
Vel'Koz              Battlecast                    
Vex                  Empyrean                      
Vex                  Dawnbringer                   
Vi                   Arcane                        
Vi                   PsyOps                        
Vi                   Project                       
Vi                   Demon                         
Vi                   Debonair                      
Vi                   Officer                       
Vi                   Neon Strike                   
Viego                EDG                           
Viego                King                          
Viego                Dissonance Of Pentakill       
Viktor               Death Sworn                   
Viktor               High Noon                     
Viktor               PsyOps                        
Viktor               Creator                       
Viktor               Full Machine                  
Vladimir             Nosferatu                     
Vladimir             Blood Lord                    
Vladimir             Cafe Cuties                   
Vladimir             Cosmic Devourer               
Vladimir             Nightbringer                  
Vladimir             Dark Waters                   
Vladimir             Academy                       
Vladimir             Soulstealer                   
Vladimir             Marquis                       
Volibear             Runeguard                     
Volibear             Duality Dragon                
Volibear             The Thousand-Pierced Bear     
Volibear             El Rayo                       
Volibear             Captain                       
Volibear             Thunder Lord                  
Warwick              Old God                       
Warwick              Project                       
Warwick              Marauder                      
Warwick              Hyena                         
Warwick              Firefang                      
Warwick              Tundra Hunter                 
Wukong               Underworld                    
Wukong               Radiant                       
Wukong               Battle Academia               
Wukong               Lancer Stratus                
Wukong               Jade Dragon                   
Wukong               General                       
Wukong               Volcanic                      
Xayah                SSG                           
Xayah                Star Guardian                 
Xayah                Arcana                        
Xayah                Brave Phoenix                 
Xayah                Elderwood                     
Xayah                Cosmic Dusk                   
Xerath               Arcana                        
Xerath               Dark Star                     
Xerath               Guardian Of The Sands         
Xerath               Scorched Earth                
Xerath               Battlecast                    
Xerath               Runeborn                      
Xin Zhao             Marauder                      
Xin Zhao             Cosmic Defender               
Xin Zhao             Dragonslayer                  
Xin Zhao             Secret Agent                  
Xin Zhao             Warring Kingdoms              
Xin Zhao             Commando                      
Yasuo                Dream Dragon                  
Yasuo                Truth Dragon                  
Yasuo                Nightbringer                  
Yasuo                Sea Dog                       
Yasuo                Spirit Blossom                
Yasuo                True Damage                   
Yasuo                Battle Boss                   
Yasuo                Odyssey                       
Yasuo                Blood Moon                    
Yasuo                Project                       
Yasuo                High Noon                     
Yone                 Dawnbringer                   
Yone                 Ocean Song                    
Yone                 Battle Academia               
Yone                 Spirit Blossom                
Yorick               Spirit Blossom                
Yorick               Pentakill III:Lost Chapter    
Yorick               Resistance                    
Yorick               Meowrick                      
Yorick               Arclight                      
Yorick               Pentakill                     
Yorick               Undertaker                    
Yuumi                Bewitching                    
Yuumi                EDG                           
Yuumi                Battle Principal              
Yuumi                Yuubee                        
Zac                  SKT T1                        
Zac                  Empyrean                      
Zac                  Battlecast                    
Zac                  Pool Party                    
Zac                  Special Weapon                
Zed                  Death Sworn                   
Zed                  Championship                  
Zed                  SKT T1                        
Zed                  Debonair                      
Zed                  Galaxy Slayer                 
Zed                  Empyrean                      
Zed                  PsyOps                        
Zed                  Project                       
Zed                  Shockblade                    
Zeri                 Ocean Song                    
Zeri                 Withered Rose                 
Ziggs                BZZZiggs                      
Ziggs                Sugar Rush                    
Ziggs                Battle Boss                   
Ziggs                Master Arcanist               
Ziggs                Pool Party                    
Ziggs                Mad Scientist                 
Zilean               Sugar Rush                    
Zilean               Blood Moon                    
Zilean               Groovy                        
Zilean               Shurima Desert                
Zoe                  EDG                           
Zoe                  Arcanist                      
Zoe                  Star Guardian                 
Zoe                  Pool Party                    
Zoe                  Cyber Pop                     
Zyra                 SKT T1                        
Zyra                 Crime City Nightmare          
Zyra                 Crystal Rose                  
Zyra                 Coven                         
Zyra                 Dragon Sorceress              
Zyra                 Haunted                       
Zyra                 Wildfire                      
