Aatrox|moderate
Ahri|moderate
Akali|moderate
Akshan|low
Alistar|moderate
Amumu|low
Anivia|high
Annie|moderate
Aphelios|high
Ashe|moderate
Aurelion Sol|moderate
Azir|high
Bard|high
Bel'Veth|high
Blitzcrank|moderate
Brand|moderate
Braum|low
Caitlyn|moderate
Camille|moderate
Cassiopeia|high
Cho'Gath|moderate
Corki|moderate
Darius|low
Diana|moderate
Dr. Mundo|moderate
Draven|high
Ekko|high
Elise|high
Evelyn|high
Ezreal|moderate
Fiddlesticks|high
Fiora|low
Fizz|moderate
Galio|moderate
Gangplank|high
Garen|moderate
Gnar|high
Gragas|moderate
Graves|low
Gwen|moderate
Hecarim|moderate
Heimerdinger|high
Illaoi|moderate
Irelia|moderate
Ivern|moderate
Janna|moderate
Jarvan|moderate
Jax|moderate
Jayce|moderate
Jhin|moderate
Jinx|moderate
K'Sante|high
Kai'Sa|moderate
Kalista|moderate
Karma|moderate
Karthus|moderate
Kassadin|high
Katarina|high
Kayle|moderate
Kayn|high
Kennen|moderate
Kha'Zix|moderate
Kindred|moderate
Kled|moderate
Kog'Maw|moderate
Leblanc|high
Lee Sin|moderate
Leona|moderate
Lillia|high
Lissandra|moderate
Lucian|moderate
Lulu|moderate
Lux|moderate
Malphite|low
Malzahar|moderate
Maokai|low
Master Yi|moderate
Miss Fortune|low
Mordekaiser|moderate
Morgana|low
Nami|moderate
Nasus|moderate
Nautilus|moderate
Neeko|moderate
Nidalee|high
Nilah|high
Nocturne|moderate
Nunu & Willump|moderate
Olaf|low
Orianna|moderate
Ornn|moderate
Pantheon|moderate
Poppy|moderate
Pyke|moderate
Qiyana|high
Quinn|moderate
Rakan|moderate
Rammus|moderate
Rek'Sai|low
Rell|low
Renata Glasc|high
Renekton|low
Rengar|high
Riven|high
Rumble|high
Ryze|moderate
Samira|moderate
Sejuani|moderate
Senna|moderate
Seraphine|low
Sett|low
Shaco|high
Shen|moderate
Shyvana|moderate
Singed|moderate
Sion|moderate
Sivir|moderate
Skarner|moderate
Sona|moderate
Soraka|low
Swain|high
Sylas|moderate
Syndra|high
Tahm Kench|moderate
Taliyah|moderate
Talon|moderate
Taric|low
Teemo|moderate
Thresh|moderate
Tristana|moderate
Trundle|moderate
Tryndamere|moderate
Twisted Fate|high
Twitch|moderate
Udyr|moderate
Urgot|high
Varus|low
Vayne|high
Veigar|moderate
Vel'Koz|high
Vex|low
Viego|moderate
Viktor|high
Vi|moderate
Vladimir|moderate
Volibear|low
Warwick|low
Wukong|low
Xayah|moderate
Xerath|high
Xin Zhao|low
Yasuo|high
Yone|high
Yorick|moderate
Yuumi|low
Zac|high
Zed|moderate
Zeri|moderate
Ziggs|moderate
Zilean|moderate
Zoe|moderate
Zyra|moderate
