Aatrox|Periodically, Aatrox's next basic attack deals bonus physical damage and heals him, based on the target's max health.
Aatrox|Periodically, Aatrox's next basic attack deals bonus physical damage and heals him, based on the target's max health.
Ahri|After killing 9 minions or monsters, Ahri heals. After taking down an enemy champion, Ahri heals for a greater amount.
Ahri|After killing 9 minions or monsters, Ahri heals. After taking down an enemy champion, Ahri heals for a greater amount.
Akali|Dealing spell damage to a champion creates a ring of energy around them. Exiting that ring empowers Akali's next Attack with bonus range and damage.
Akali|Dealing spell damage to a champion creates a ring of energy around them. Exiting that ring empowers Akali's next Attack with bonus range and damage.
Akshan|Every three hits from Akshan's Attacks and Abilities deals bonus damage and grants him a Shield if the target was a champion. When Akshan Attacks, he fires an additional Attack for reduced damage. If he cancels the additional Attack, he instead gains Move Speed.
Akshan|Every three hits from Akshan's Attacks and Abilities deals bonus damage and grants him a Shield if the target was a champion. When Akshan Attacks, he fires an additional Attack for reduced damage. If he cancels the additional Attack, he instead gains Move Speed.
Alistar|Alistar charges his roar by stunning or displacing enemy champions or when nearby enemies die. When fully charged he heals himself all nearby allied champions.
Alistar|Alistar charges his roar by stunning or displacing enemy champions or when nearby enemies die. When fully charged he heals himself all nearby allied champions.
Amumu|Amumu's basic attacks Curse his enemies, causing them to take bonus true damage from incoming magic damage.
Amumu|Amumu's basic attacks Curse his enemies, causing them to take bonus true damage from incoming magic damage.
Anivia|Upon taking fatal damage, Anivia reverts to an egg and is reborn with full health.
Anivia|Upon taking fatal damage, Anivia reverts to an egg and is reborn with full health.
Annie|After casting 4 spells, Annie's next offensive spell will stun the target.
Annie|After casting 4 spells, Annie's next offensive spell will stun the target.
Aphelios|Aphelios wields 5 Lunari Weapons made by his sister Alune. He has access to two at a time: one main-hand and one off-hand. Each weapon has a unique Basic Attack and Ability. Attacks and abilities consume a weapon's ammo. When out of ammo, Aphelios discards the weapon and Alune summons the next of the 5.
Aphelios|Aphelios wields 5 Lunari Weapons made by his sister Alune. He has access to two at a time: one main-hand and one off-hand. Each weapon has a unique Basic Attack and Ability. Attacks and abilities consume a weapon's ammo. When out of ammo, Aphelios discards the weapon and Alune summons the next of the 5.
Ashe|Ashe's attacks slow their target, causing her to deal increased damage to these targets. Ashe's critical strikes deal no bonus damage but apply an empowered slow to the target.
Ashe|Ashe's attacks slow their target, causing her to deal increased damage to these targets. Ashe's critical strikes deal no bonus damage but apply an empowered slow to the target.
Aurelion Sol|Stars orbit Aurelion Sol, dealing magic damage when they hit an enemy.
Aurelion Sol|Stars orbit Aurelion Sol, dealing magic damage when they hit an enemy.
Azir|Azir can summon the Disc of the Sun from the ruins of allied or enemy turrets.
Azir|Azir can summon the Disc of the Sun from the ruins of allied or enemy turrets.
Bard|Meeps: Bard attracts lesser spirits that assist with his basic attacks to deal extra magic damage. When Bard has collected enough Chimes, his meeps will also deal damage in an area and slow enemies hit. Chimes: Ancient chimes randomly appear for Bard to collect. These grant experience, restore mana, and provide out of combat Move Speed.
Bard|Meeps: Bard attracts lesser spirits that assist with his basic attacks to deal extra magic damage. When Bard has collected enough Chimes, his meeps will also deal damage in an area and slow enemies hit. Chimes: Ancient chimes randomly appear for Bard to collect. These grant experience, restore mana, and provide out of combat Move Speed.
Bel'Veth|Bel'Veth gains permanent attack speed stacks after taking down large minions and monsters and champions. She also gains temporary bonus attack speed after using an ability.
Bel'Veth|Bel'Veth gains permanent attack speed stacks after taking down large minions and monsters and champions. She also gains temporary bonus attack speed after using an ability.
Blitzcrank|Blitzcrank gains a shield based on their mana when dropping to low health.
Blitzcrank|Blitzcrank gains a shield based on their mana when dropping to low health.
Brand|Brand's spells light his targets ablaze, dealing damage over 4 seconds, stacking up to 3 times. If Brand kills an enemy while it is ablaze he regains mana. When Blaze reaches max stacks on a Champion or large monster, it becomes unstable. It detonates in 2 seconds, applying spell effects and dealing massive damage in an area around the victim.
Brand|Brand's spells light his targets ablaze, dealing damage over 4 seconds, stacking up to 3 times. If Brand kills an enemy while it is ablaze he regains mana. When Blaze reaches max stacks on a Champion or large monster, it becomes unstable. It detonates in 2 seconds, applying spell effects and dealing massive damage in an area around the victim.
Braum|Braum's basic attacks apply Concussive Blows. Once the first stack is applied, ally basic attacks also stack Concussive Blows. Upon reaching 4 stacks, the target is stunned and takes magic damage. For the next few seconds they cannot receive new stacks, but take bonus magic damage from Braum's attacks.
Braum|Braum's basic attacks apply Concussive Blows. Once the first stack is applied, ally basic attacks also stack Concussive Blows. Upon reaching 4 stacks, the target is stunned and takes magic damage. For the next few seconds they cannot receive new stacks, but take bonus magic damage from Braum's attacks.
Caitlyn|Every few basic attacks, or against a target she has trapped or netted, Caitlyn will fire a headshot dealing bonus damage that scales with her critical strike chance. On trapped or netted targets, Caitlyn's Headshot attack range is doubled.
Caitlyn|Every few basic attacks, or against a target she has trapped or netted, Caitlyn will fire a headshot dealing bonus damage that scales with her critical strike chance. On trapped or netted targets, Caitlyn's Headshot attack range is doubled.
Camille|Basic attacks on champions grant a shield equal to a percentage of Camille's maximum health against their damage type (Physical or Magic) for a brief duration.
Camille|Basic attacks on champions grant a shield equal to a percentage of Camille's maximum health against their damage type (Physical or Magic) for a brief duration.
Cassiopeia|Cassiopeia gains Move Speed per level, but she cannot purchase Boots items.
Cassiopeia|Cassiopeia gains Move Speed per level, but she cannot purchase Boots items.
Cho'Gath|Whenever Cho'Gath kills a unit, he recovers Health and Mana. The values restored increase with Cho'Gath's level.
Cho'Gath|Whenever Cho'Gath kills a unit, he recovers Health and Mana. The values restored increase with Cho'Gath's level.
Corki|A percentage of Corki's basic attack damage is converted into magic damage. Corki can occasionally retrieve The Package inside his base, granting him Move Speed and an empowered cast of Valkyrie.
Corki|A percentage of Corki's basic attack damage is converted into magic damage. Corki can occasionally retrieve The Package inside his base, granting him Move Speed and an empowered cast of Valkyrie.
Darius|Darius' attacks and damaging abilities cause enemies to bleed for physical damage over 5 seconds, stacking up to 5 times. Darius enrages and gains massive Attack Damage when his target reaches max stacks.
Darius|Darius' attacks and damaging abilities cause enemies to bleed for physical damage over 5 seconds, stacking up to 5 times. Darius enrages and gains massive Attack Damage when his target reaches max stacks.
Diana|Every third strike cleaves nearby enemies for an additional magic damage. After casting a spell, Diana gains Attack Speed for her next 3 attacks.
Diana|Every third strike cleaves nearby enemies for an additional magic damage. After casting a spell, Diana gains Attack Speed for her next 3 attacks.
Dr. Mundo|Dr. Mundo resists the first Immobilizing effect that hits him, instead losing Health and dropping a chemical cannister nearby. Dr. Mundo can pick it up by walking over it, restoring Health and reducing this Ability's Cooldown. Dr. Mundo also has significantly increased Health regeneration.
Dr. Mundo|Dr. Mundo resists the first Immobilizing effect that hits him, instead losing Health and dropping a chemical cannister nearby. Dr. Mundo can pick it up by walking over it, restoring Health and reducing this Ability's Cooldown. Dr. Mundo also has significantly increased Health regeneration.
Draven|Draven gains his fans' Adoration when he catches a Spinning Axe or kills a minion, monster, or tower. Killing enemy champions grants Draven bonus gold based on how much Adoration he has.
Draven|Draven gains his fans' Adoration when he catches a Spinning Axe or kills a minion, monster, or tower. Killing enemy champions grants Draven bonus gold based on how much Adoration he has.
Ekko|Every third attack or damaging spell on the same target deals bonus magic damage, and grants Ekko a burst of speed if the target is a champion.
Ekko|Every third attack or damaging spell on the same target deals bonus magic damage, and grants Ekko a burst of speed if the target is a champion.
Elise|Human Form: When Elise's abilities hit an enemy, she gains a dormant Spiderling. Spider Form: Basic attacks deal bonus magic damage and restore health to Elise.
Elise|Human Form: When Elise's abilities hit an enemy, she gains a dormant Spiderling. Spider Form: Basic attacks deal bonus magic damage and restore health to Elise.
Evelyn|When out of combat, Evelynn enters Demon Shade. Demon Shade heals Evelynn when she is low on health and grants Camouflage after level 6.
Evelyn|When out of combat, Evelynn enters Demon Shade. Demon Shade heals Evelynn when she is low on health and grants Camouflage after level 6.
Ezreal|Ezreal gains increasing Attack Speed each time he successfully hits a spell, stacking up to 5 times.
Ezreal|Ezreal gains increasing Attack Speed each time he successfully hits a spell, stacking up to 5 times.
Fiddlesticks|Fiddlesticks' trinket is replaced by scarecrow effigies.
Fiddlesticks|Fiddlesticks' trinket is replaced by scarecrow effigies.
Fiora|Fiora has revealed a Vital on this Champion. If she hits the Vital, she restores Health and gains Move Speed.
Fiora|Fiora has revealed a Vital on this Champion. If she hits the Vital, she restores Health and gains Move Speed.
Fizz|Fizz can move through units and takes a flat amount of reduced damage from all sources
Fizz|Fizz can move through units and takes a flat amount of reduced damage from all sources
Galio|Every few seconds, Galio's next basic attack deals bonus magic damage in an area.
Galio|Every few seconds, Galio's next basic attack deals bonus magic damage in an area.
Gangplank|Every few seconds, Gangplank's melee strike will set his opponent on fire.
Gangplank|Every few seconds, Gangplank's melee strike will set his opponent on fire.
Garen|If Garen has not recently been struck by damage or enemy abilities, he regenerates a percentage of his total health each second.
Garen|If Garen has not recently been struck by damage or enemy abilities, he regenerates a percentage of his total health each second.
Gnar|While in combat Gnar generates Rage. At maximum Rage his next ability will transform him into Mega Gnar, granting increased survivability and access to new spells.
Gnar|While in combat Gnar generates Rage. At maximum Rage his next ability will transform him into Mega Gnar, granting increased survivability and access to new spells.
Gragas|Gragas periodically heals upon using a skill.
Gragas|Gragas periodically heals upon using a skill.
Graves|Graves' shotgun has some unique properties. He must reload when he runs out of ammo. Attacks fire 4 bullets, which cannot pass through units. Non-champions struck by multiple bullets are knocked back.
Graves|Graves' shotgun has some unique properties. He must reload when he runs out of ammo. Attacks fire 4 bullets, which cannot pass through units. Non-champions struck by multiple bullets are knocked back.
Gwen|Gwen's attacks deal bonus magic damage based on the targets health. She heals for a portion of the damage dealt to champions by this effect.
Gwen|Gwen's attacks deal bonus magic damage based on the targets health. She heals for a portion of the damage dealt to champions by this effect.
Hecarim|Hecarim gains Attack Damage equal to a percentage of his bonus Move Speed.
Hecarim|Hecarim gains Attack Damage equal to a percentage of his bonus Move Speed.
Heimerdinger|Gain Move Speed while near allied towers and turrets deployed by Heimerdinger.
Heimerdinger|Gain Move Speed while near allied towers and turrets deployed by Heimerdinger.
Illaoi|Illaoi and the Vessels she creates spawn Tentacles on nearby impassible terrain. Tentacles swing at spirits, Vessels, and victims of Illaoi's Harsh lesson. Tentacles deal physical damage to enemies hit, and will heal Illaoi if they damage a champion.
Illaoi|Illaoi and the Vessels she creates spawn Tentacles on nearby impassible terrain. Tentacles swing at spirits, Vessels, and victims of Illaoi's Harsh lesson. Tentacles deal physical damage to enemies hit, and will heal Illaoi if they damage a champion.
Irelia|When Irelia strikes enemies with spells she gains stacking bonus Attack Speed. At maximum stacks she also gains bonus damage on hit.
Irelia|When Irelia strikes enemies with spells she gains stacking bonus Attack Speed. At maximum stacks she also gains bonus damage on hit.
Ivern|Ivern cannot attack or be attacked by non-epic monsters. Ivern can create magical groves on jungle camps which grow over time. When the grove is fully grown, Ivern may free the monsters to receive gold and experience. After level 5 Ivern can share jungle buffs with allies.
Ivern|Ivern cannot attack or be attacked by non-epic monsters. Ivern can create magical groves on jungle camps which grow over time. When the grove is fully grown, Ivern may free the monsters to receive gold and experience. After level 5 Ivern can share jungle buffs with allies.
Janna|Janna gains bonus Move Speed moving towards allied champions and nearby allied champions gain this bonus when moving toward her.
Janna|Janna gains bonus Move Speed moving towards allied champions and nearby allied champions gain this bonus when moving toward her.
Jarvan|Jarvan's first basic attack on an enemy deals bonus physical damage based on their current Health. This effect cannot occur again on the same enemy for a few seconds.
Jarvan|Jarvan's first basic attack on an enemy deals bonus physical damage based on their current Health. This effect cannot occur again on the same enemy for a few seconds.
Jax|Jax's consecutive basic attacks continuously increase his Attack Speed.
Jax|Jax's consecutive basic attacks continuously increase his Attack Speed.
Jayce|When Jayce swaps weapons he gains Move Speed for a short duration.
Jayce|When Jayce swaps weapons he gains Move Speed for a short duration.
Jhin|Jhin's hand cannon, Whisper, is a precise instrument designed to deal superior damage. It fires at a fixed rate and carries only four shots. Jhin imbues the final bullet with dark magics to critically strike and deal bonus execute damage. Whenever Whisper crits, it inspires Jhin with a burst of Move Speed.
Jhin|Jhin's hand cannon, Whisper, is a precise instrument designed to deal superior damage. It fires at a fixed rate and carries only four shots. Jhin imbues the final bullet with dark magics to critically strike and deal bonus execute damage. Whenever Whisper crits, it inspires Jhin with a burst of Move Speed.
Jinx|Jinx receives massively increased Move Speed and Attack Speed whenever she helps kill or destroy an enemy champions epic jungle monster, or structure.
Jinx|Jinx receives massively increased Move Speed and Attack Speed whenever she helps kill or destroy an enemy champions epic jungle monster, or structure.
K'Sante|K'Sante's Abilities mark targets to take more damage on his next Attack.
K'Sante|K'Sante's Abilities mark targets to take more damage on his next Attack.
Kai'Sa|Kai'Sa's basic attacks stack Plasma, dealing increasing bonus magic damage. Allies' immobilizing effects help stack Plasma. Additionally, Kai'Sa's item purchases upgrade her basic spells to have more powerful properties.
Kai'Sa|Kai'Sa's basic attacks stack Plasma, dealing increasing bonus magic damage. Allies' immobilizing effects help stack Plasma. Additionally, Kai'Sa's item purchases upgrade her basic spells to have more powerful properties.
Kalista|Enter a movement command while winding up Kalista's basic attack or Pierce to lunge a short distance when she launches her attack.
Kalista|Enter a movement command while winding up Kalista's basic attack or Pierce to lunge a short distance when she launches her attack.
Karma|Karma's damaging abilities will reduce the cooldown of Mantra.
Karma|Karma's damaging abilities will reduce the cooldown of Mantra.
Karthus|Upon dying, Karthus enters a spirit form that allows him to continue casting spells.
Karthus|Upon dying, Karthus enters a spirit form that allows him to continue casting spells.
Kassadin|Kassadin takes reduced magic damage and ignores unit collision.
Kassadin|Kassadin takes reduced magic damage and ignores unit collision.
Katarina|Whenever an enemy champion dies that Katarina has damaged recently, her remaining ability cooldowns are dramatically reduced. If Katarina picks up a Dagger, she uses it to slash through all nearby enemies, dealing magic damage.
Katarina|Whenever an enemy champion dies that Katarina has damaged recently, her remaining ability cooldowns are dramatically reduced. If Katarina picks up a Dagger, she uses it to slash through all nearby enemies, dealing magic damage.
Kayle|Kayle's attacks are empowered by the heavens as she levels up and spends skill points. Her wings are lit aflame as she progressively gains Attack Speed, Move Speed, Attack Range, and waves of fire on her attacks.
Kayle|Kayle's attacks are empowered by the heavens as she levels up and spends skill points. Her wings are lit aflame as she progressively gains Attack Speed, Move Speed, Attack Range, and waves of fire on her attacks.
Kayn|Kayn wields an ancient weapon and fights Rhaast, the darkin within it, for control. Either the Darkin will triumph, or Kayn will master Rhaast and become the Shadow Assassin. Darkin: Heal for a percentage of spell damage dealt to champions. Shadow Assassin: For the first few seconds in combat with enemy champions, deal bonus damage.
Kayn|Kayn wields an ancient weapon and fights Rhaast, the darkin within it, for control. Either the Darkin will triumph, or Kayn will master Rhaast and become the Shadow Assassin. Darkin: Heal for a percentage of spell damage dealt to champions. Shadow Assassin: For the first few seconds in combat with enemy champions, deal bonus damage.
Kennen|Kennen stuns enemies he hits 3 times with his abilities.
Kennen|Kennen stuns enemies he hits 3 times with his abilities.
Kha'Zix|Nearby enemies that are Isolated from their allies are marked. Kha'Zix's abilities have interactions with Isolated targets. When Kha'Zix is not visible to the enemy team, he gains Unseen Threat, causing his next basic attack against an enemy champion to deal bonus magic damage and slow them for a few seconds.
Kha'Zix|Nearby enemies that are Isolated from their allies are marked. Kha'Zix's abilities have interactions with Isolated targets. When Kha'Zix is not visible to the enemy team, he gains Unseen Threat, causing his next basic attack against an enemy champion to deal bonus magic damage and slow them for a few seconds.
Kindred|Kindred can mark targets to Hunt. Successfully completing a Hunt permanently empowers Kindred's basic abilities. Every 4 hunts completed also increases Kindred's basic attack range.
Kindred|Kindred can mark targets to Hunt. Successfully completing a Hunt permanently empowers Kindred's basic abilities. Every 4 hunts completed also increases Kindred's basic attack range.
Kled|Kled rides his trusty steed, Skaarl, who takes damage for him. When Skaarl's health depletes, Kled dismounts. While dismounted, Kled's abilities change and he deals less damage to champions. Kled can restore Skaarl's courage by fighting enemies. At maximum courage, Kled remounts with a portion of Skaarl's health.
Kled|Kled rides his trusty steed, Skaarl, who takes damage for him. When Skaarl's health depletes, Kled dismounts. While dismounted, Kled's abilities change and he deals less damage to champions. Kled can restore Skaarl's courage by fighting enemies. At maximum courage, Kled remounts with a portion of Skaarl's health.
Kog'Maw|4 seconds after dying, Kogmaw explodes, dealing true damage to surrounding enemies.
Kog'Maw|4 seconds after dying, Kogmaw explodes, dealing true damage to surrounding enemies.
Leblanc|When LeBlanc drops below 40% Health, she becomes invisible for 1 second and creates a Mirror Image that deals no damage and lasts for up to 8 seconds.
Leblanc|When LeBlanc drops below 40% Health, she becomes invisible for 1 second and creates a Mirror Image that deals no damage and lasts for up to 8 seconds.
Lee Sin|After Lee Sin uses an ability, his next 2 basic attacks gain Attack Speed and return Energy.
Lee Sin|After Lee Sin uses an ability, his next 2 basic attacks gain Attack Speed and return Energy.
Leona|Damaging spells afflict enemies with Sunlight for 1.5 seconds. When allied Champions deal damage to those targets, they consume the Sunlight to deal additional magic damage.
Leona|Damaging spells afflict enemies with Sunlight for 1.5 seconds. When allied Champions deal damage to those targets, they consume the Sunlight to deal additional magic damage.
Lillia|Hitting a champion or monster with a skill will deal additional max Health damage over time.
Lillia|Hitting a champion or monster with a skill will deal additional max Health damage over time.
Lissandra|When an enemy champion dies near Lissandra they become a Frozen Thrall. Frozen Thralls slow nearby enemies and then, after a delay, shatter from the intense cold, dealing magic damage to nearby targets.
Lissandra|When an enemy champion dies near Lissandra they become a Frozen Thrall. Frozen Thralls slow nearby enemies and then, after a delay, shatter from the intense cold, dealing magic damage to nearby targets.
Lucian|Whenever Lucian uses an ability, his next attack becomes a double-shot. When Lucian is empowered by another Ally, his next 2 basic attacks will deal bonus magic damage.
Lucian|Whenever Lucian uses an ability, his next attack becomes a double-shot. When Lucian is empowered by another Ally, his next 2 basic attacks will deal bonus magic damage.
Lulu|Pix fires magical bolts of energy whenever the champion he's following attacks another enemy unit. These bolts are homing, but can be intercepted by other units.
Lulu|Pix fires magical bolts of energy whenever the champion he's following attacks another enemy unit. These bolts are homing, but can be intercepted by other units.
Lux|Lux's damaging spells charge the target with energy for a few seconds. Lux's next attack ignites the energy, dealing bonus magic damage (depending on Lux's level) to the target.
Lux|Lux's damaging spells charge the target with energy for a few seconds. Lux's next attack ignites the energy, dealing bonus magic damage (depending on Lux's level) to the target.
Malphite|Malphite is shielded by a layer of rock which absorbs damage up to 10% of his maximum Health. If Malphite has not been hit for a few seconds, this effect recharges.
Malzahar|When he hasn't recently taken damage or been crowd controlled, Malzahar gains massive damage reduction and crowd control immunity, lingering for a short period after taking damage.
Malzahar|When he hasn't recently taken damage or been crowd controlled, Malzahar gains massive damage reduction and crowd control immunity, lingering for a short period after taking damage.
Maokai|Maokai's basic attack also heals him and deals additional damage on a moderate cooldown. Each time Maokai casts a spell or is struck by an enemy's spell, this cooldown is reduced.
Maokai|Maokai's basic attack also heals him and deals additional damage on a moderate cooldown. Each time Maokai casts a spell or is struck by an enemy's spell, this cooldown is reduced.
Master Yi|Every few consecutive basic attack, Master Yi strikes twice.
Master Yi|Every few consecutive basic attack, Master Yi strikes twice.
Miss Fortune|Miss Fortune deals bonus physical damage whenever she basic attacks a new target.
Miss Fortune|Miss Fortune deals bonus physical damage whenever she basic attacks a new target.
Mordekaiser|Mordekaiser gains a powerful damage aura and Move Speed after landing 3 attacks or spells against champions or monsters.
Mordekaiser|Mordekaiser gains a powerful damage aura and Move Speed after landing 3 attacks or spells against champions or monsters.
Morgana|Morgana drains spirit from her enemies, healing as she deals damage to champions, large minions, and medium and larger jungler monsters.
Morgana|Morgana drains spirit from her enemies, healing as she deals damage to champions, large minions, and medium and larger jungler monsters.
Nami|When Nami's Abilities hit allied champions they gain Move Speed for a short duration.
Nami|When Nami's Abilities hit allied champions they gain Move Speed for a short duration.
Nasus|Nasus drains his foe's spiritual energy, giving him bonus Life Steal.
Nasus|Nasus drains his foe's spiritual energy, giving him bonus Life Steal.
Nautilus|Nautilus' first Attack against a target deals increased physical damage and roots them briefly.
Nautilus|Nautilus' first Attack against a target deals increased physical damage and roots them briefly.
Neeko|Neeko can look like an ally champion. Taking damage from enemy Champions or casting damaging spells breaks the disguise.
Neeko|Neeko can look like an ally champion. Taking damage from enemy Champions or casting damaging spells breaks the disguise.
Nidalee|Moving through brush increases Nidalee's Move Speed by 10% for 2 seconds, increased to 30% toward visible enemy champions within 1400 range. Hitting champions or monsters with Javelin Toss or Bushwhack triggers a Hunt, granting True Sight of them for 4 seconds. During this time, Nidalee gains 10% Move Speed (increased to 30% toward the Hunted target) and her Takedown and Pounce are enhanced against them.
Nidalee|Moving through brush increases Nidalee's Move Speed by 10% for 2 seconds, increased to 30% toward visible enemy champions within 1400 range. Hitting champions or monsters with Javelin Toss or Bushwhack triggers a Hunt, granting True Sight of them for 4 seconds. During this time, Nidalee gains 10% Move Speed (increased to 30% toward the Hunted target) and her Takedown and Pounce are enhanced against them.
Nilah|Nilah gains increased experience from last-hitting minions along with the ability to enhance and share nearby healing and shielding from her allies.
Nilah|Nilah gains increased experience from last-hitting minions along with the ability to enhance and share nearby healing and shielding from her allies.
Nocturne|Every few seconds, Nocturne's next attack strikes surrounding enemies for bonus physical damage and heals himself. Nocturne's basic attacks reduce this cooldown.
Nocturne|Every few seconds, Nocturne's next attack strikes surrounding enemies for bonus physical damage and heals himself. Nocturne's basic attacks reduce this cooldown.
Nunu & Willump|Nunu increases the attack speed and Move Speed of Willump and a nearby ally, and causes Willump's basic attacks to damage enemies around the target.
Nunu & Willump|Nunu increases the attack speed and Move Speed of Willump and a nearby ally, and causes Willump's basic attacks to damage enemies around the target.
Olaf|Olaf gains Attack Speed and Life Steal based on his missing Health.
Olaf|Olaf gains Attack Speed and Life Steal based on his missing Health.
Orianna|Orianna's Attacks deal additional magic damage. This damage increases the more Orianna Attacks the same target.
Orianna|Orianna's Attacks deal additional magic damage. This damage increases the more Orianna Attacks the same target.
Ornn|Ornn gains an additional bonus Armor and Magic Resistance from all sources. Ornn can spend gold to forge non-consumable items anywhere. Additionally, he can create masterwork items for himself and for his allies.
Ornn|Ornn gains an additional bonus Armor and Magic Resistance from all sources. Ornn can spend gold to forge non-consumable items anywhere. Additionally, he can create masterwork items for himself and for his allies.
Pantheon|Every few spells or attacks, Pantheon's next spell is empowered.
Pantheon|Every few spells or attacks, Pantheon's next spell is empowered.
Poppy|Poppy throws her buckler that bounces off the target. Poppy can pick it up to gain a temporary shield.
Poppy|Poppy throws her buckler that bounces off the target. Poppy can pick it up to gain a temporary shield.
Pyke|When Pyke is hidden from enemies, he regenerates damage that he has recently taken from champions. Pyke also cannot gain extra Maximum Health from any source, and instead gains Bonus AD.
Pyke|When Pyke is hidden from enemies, he regenerates damage that he has recently taken from champions. Pyke also cannot gain extra Maximum Health from any source, and instead gains Bonus AD.
Qiyana|Qiyana's first basic attack or ability against each enemy deals bonus damage.
Qiyana|Qiyana's first basic attack or ability against each enemy deals bonus damage.
Quinn|Valor, Quinn's Demacian eagle, periodically marks enemies as Vulnerable. Quinn's first basic attack against Vulnerable targets will deal bonus physical damage.
Quinn|Valor, Quinn's Demacian eagle, periodically marks enemies as Vulnerable. Quinn's first basic attack against Vulnerable targets will deal bonus physical damage.
Rakan|Rakan periodically gains a shield.
Rakan|Rakan periodically gains a shield.
Rammus|Rammus' basic attacks deal bonus magic damage, scaling with his Armor.
Rammus|Rammus' basic attacks deal bonus magic damage, scaling with his Armor.
Rek'Sai|Rek'sai generates Fury by Attack and hitting with basic abilities. She consumes this Fury while Burrowed to restore health.
Rek'Sai|Rek'sai generates Fury by Attack and hitting with basic abilities. She consumes this Fury while Burrowed to restore health.
Rell|Rell attacks slowly but steals her target's Armor and Magic Resist on hit, dealing bonus damage based on the amount stolen.
Rell|Rell attacks slowly but steals her target's Armor and Magic Resist on hit, dealing bonus damage based on the amount stolen.
Renata Glasc|Renata's Attacks deal bonus damage and mark enemies. Renata's allies can damage marked enemies to deal bonus damage.
Renata Glasc|Renata's Attacks deal bonus damage and mark enemies. Renata's allies can damage marked enemies to deal bonus damage.
Renekton|Renekton's attacks generate Fury, increased when he is low on life. This Fury can empower his abilities with bonus effects.
Renekton|Renekton's attacks generate Fury, increased when he is low on life. This Fury can empower his abilities with bonus effects.
Rengar|While in Brush, Rengar leaps at his target with his basic attack. Rengar generates Ferocity whenever he casts an ability. At Max Ferocity, his next ability is empowered. Killing enemy champions awards trophies on Rengar's Bonetooth Necklace, granting bonus attack damage.
Rengar|While in Brush, Rengar leaps at his target with his basic attack. Rengar generates Ferocity whenever he casts an ability. At Max Ferocity, his next ability is empowered. Killing enemy champions awards trophies on Rengar's Bonetooth Necklace, granting bonus attack damage.
Riven|Riven's abilities charge her blade, and her basic attacks expend charges to deal an additional damage.
Riven|Riven's abilities charge her blade, and her basic attacks expend charges to deal an additional damage.
Rumble|Every spell Rumble casts gives him Heat. When he reaches 50% Heat he reaches Danger Zone, granting all his basic abilities bonus effects. When he reaches 100% Heat, he starts Overheating, gaining bonus Attack Speed and granting his basic attacks bonus damage, but making him unable to cast spells for a few seconds.
Rumble|Every spell Rumble casts gives him Heat. When he reaches 50% Heat he reaches Danger Zone, granting all his basic abilities bonus effects. When he reaches 100% Heat, he starts Overheating, gaining bonus Attack Speed and granting his basic attacks bonus damage, but making him unable to cast spells for a few seconds.
Ryze|Ryze's spells deal extra damage based on his Bonus Mana, and he gains a percentage increase to his maximum Mana based on his Ability Power.
Ryze|Ryze's spells deal extra damage based on his Bonus Mana, and he gains a percentage increase to his maximum Mana based on his Ability Power.
Samira|Samira builds a combo by hitting attacks or abilities unique from the previous hit. Samira's attacks in melee range deal additional magic damage. Samira's attacks against enemies affected by Immobilizing effects will dash her to her attack range. If the enemy is Knocked Up, she also keeps them Knocked Up briefly.
Samira|Samira builds a combo by hitting attacks or abilities unique from the previous hit. Samira's attacks in melee range deal additional magic damage. Samira's attacks against enemies affected by Immobilizing effects will dash her to her attack range. If the enemy is Knocked Up, she also keeps them Knocked Up briefly.
Sejuani|After being out of combat, Sejuani gains Frost Armor which grants Armor and Magic Resist and immunity to slows. Frost Armor persists for a short time after Sejuani takes damage. Sejuani can damage a stunned enemy to shatter it, dealing massive magic damage.
Sejuani|After being out of combat, Sejuani gains Frost Armor which grants Armor and Magic Resist and immunity to slows. Frost Armor persists for a short time after Sejuani takes damage. Sejuani can damage a stunned enemy to shatter it, dealing massive magic damage.
Senna|When units die near Senna, their souls are periodically trapped by the Black Mist. Senna can attack these souls to free them, absorbing the Mist that held them in death. Mist fuels her Relic Cannon's power with increased Attack Damage, Attack Range, and Critical Strike Chance. Attacks from Senna's Relic Cannon take longer to fire, deal bonus damage, and briefly grant her a portion of her target's Move Speed.
Senna|When units die near Senna, their souls are periodically trapped by the Black Mist. Senna can attack these souls to free them, absorbing the Mist that held them in death. Mist fuels her Relic Cannon's power with increased Attack Damage, Attack Range, and Critical Strike Chance. Attacks from Senna's Relic Cannon take longer to fire, deal bonus damage, and briefly grant her a portion of her target's Move Speed.
Seraphine|Every third basic spell will cast twice from Seraphine. Additionally, casting spells near allies grants her bonus magic damage and range on her next basic attack.
Seraphine|Every third basic spell will cast twice from Seraphine. Additionally, casting spells near allies grants her bonus magic damage and range on her next basic attack.
Sett|Sett's basic attacks alternate between left and right punch. Right punch is slightly stronger and faster. Sett also hates losing, gaining additional health regeneration based off of his missing health.
Sett|Sett's basic attacks alternate between left and right punch. Right punch is slightly stronger and faster. Sett also hates losing, gaining additional health regeneration based off of his missing health.
Shaco|Shaco's basic attacks and Two-Shiv Poison deal additional damage when striking from behind.
Shaco|Shaco's basic attacks and Two-Shiv Poison deal additional damage when striking from behind.
Shen|After casting a spell, Shen gets a shield. Affecting other champions reduces the cooldown of this effect.
Shen|After casting a spell, Shen gets a shield. Affecting other champions reduces the cooldown of this effect.
Shyvana|Shyvana deals bonus damage to dragons and gains Armor and Magic Resistance. As Shyvana and her allies slay more dragons, she gains more bonus Armor and Magic Resistance.
Shyvana|Shyvana deals bonus damage to dragons and gains Armor and Magic Resistance. As Shyvana and her allies slay more dragons, she gains more bonus Armor and Magic Resistance.
Singed|Singed drafts off nearby champions, gaining a burst of Move Speed when passing them.
Singed|Singed drafts off nearby champions, gaining a burst of Move Speed when passing them.
Sion|After being killed, Sion will temporarily reanimate with rapidly decaying Health. His attacks become very rapid, heal him, and deal bonus damage based on his target's maximum Health.
Sion|After being killed, Sion will temporarily reanimate with rapidly decaying Health. His attacks become very rapid, heal him, and deal bonus damage based on his target's maximum Health.
Sivir|Sivir gains a short burst of Move Speed when she attacks an enemy champion.
Sivir|Sivir gains a short burst of Move Speed when she attacks an enemy champion.
Skarner|Skarner's presence causes crystals to spawn in set locations around the map. Crystals can be captured by either team by standing close to them. When near crystals his team owns, Skarner gains Move Speed, attack speed, and increased mana regeneration.
Skarner|Skarner's presence causes crystals to spawn in set locations around the map. Crystals can be captured by either team by standing close to them. When near crystals his team owns, Skarner gains Move Speed, attack speed, and increased mana regeneration.
Sona|Accelerando: Sona gains non-Ultimate ability haste permanently for her basic abilities as she uses her abilities well, up to a cap. Beyond that cap, further successful uses reduce her ultimate's remaining cooldown instead. Power Chord: Every few spell casts, Sona's next attack will deal bonus magic damage in addition to an additional effect based on what basic Ability Sona last activated.
Sona|Accelerando: Sona gains non-Ultimate ability haste permanently for her basic abilities as she uses her abilities well, up to a cap. Beyond that cap, further successful uses reduce her ultimate's remaining cooldown instead. Power Chord: Every few spell casts, Sona's next attack will deal bonus magic damage in addition to an additional effect based on what basic Ability Sona last activated.
Soraka|Soraka runs faster towards nearby low health allies.
Soraka|Soraka runs faster towards nearby low health allies.
Swain|Swain's ravens collect Soul Fragments that heal him and permanently increase his maximum health.
Swain|Swain's ravens collect Soul Fragments that heal him and permanently increase his maximum health.
Sylas|After casting a spell, Sylas stores a charge of Petricite Burst. Sylas's basic attacks will expend a charge and whirl his energized chains around him dealing bonus magic damage to enemies hit. While Sylas has a charge of Petricite Burst, he gains attack speed.
Sylas|After casting a spell, Sylas stores a charge of Petricite Burst. Sylas's basic attacks will expend a charge and whirl his energized chains around him dealing bonus magic damage to enemies hit. While Sylas has a charge of Petricite Burst, he gains attack speed.
Syndra|Syndra collects Splinters of Wrath from gaining levels and damaging enemies which upgrade her abilities. Dark Sphere: Syndra can hold an additional charge Force of Will: Bonus true damage. Scatter the Weak: Increased width and slows all targets Unleashed Power: Executes low health targets
Syndra|Syndra collects Splinters of Wrath from gaining levels and damaging enemies which upgrade her abilities. Dark Sphere: Syndra can hold an additional charge Force of Will: Bonus true damage. Scatter the Weak: Increased width and slows all targets Unleashed Power: Executes low health targets
Tahm Kench|Tahm Kench puts the heft of his immense body behind his attacks, gaining extra damage based on his total health. Damaging enemy champions builds stacks of An Acquired Taste. At three stacks, he can use Devour on an enemy champion.
Tahm Kench|Tahm Kench puts the heft of his immense body behind his attacks, gaining extra damage based on his total health. Damaging enemy champions builds stacks of An Acquired Taste. At three stacks, he can use Devour on an enemy champion.
Taliyah|Taliyah gains Move Speed near walls.
Taliyah|Taliyah gains Move Speed near walls.
Talon|Talon's spells Wound champions and large monsters, stacking up to 3 times. When Talon attacks a champion with 3 stacks of Wound, they bleed for heavy damage over time.
Talon|Talon's spells Wound champions and large monsters, stacking up to 3 times. When Talon attacks a champion with 3 stacks of Wound, they bleed for heavy damage over time.
Taric|Spellcasts empower Taric's next 2 basic attacks to deal bonus magic damage, reduce his spell cooldowns, and attack in quick succession.
Taric|Spellcasts empower Taric's next 2 basic attacks to deal bonus magic damage, reduce his spell cooldowns, and attack in quick succession.
Teemo|If Teemo stands still and takes no actions for a short duration, he becomes Invisible indefinitely. If he's in brush, Teemo can enter and maintain his Invisibility while moving. After leaving Invisibility, Teemo gains the Element of Surprise, increasing his Attack Speed for a few seconds.
Teemo|If Teemo stands still and takes no actions for a short duration, he becomes Invisible indefinitely. If he's in brush, Teemo can enter and maintain his Invisibility while moving. After leaving Invisibility, Teemo gains the Element of Surprise, increasing his Attack Speed for a few seconds.
Thresh|Thresh can harvest the souls of enemies that die near him, permanently granting him Armor and Ability Power.
Thresh|Thresh can harvest the souls of enemies that die near him, permanently granting him Armor and Ability Power.
Tristana|Increases Tristana's Attack Range as she levels.
Tristana|Increases Tristana's Attack Range as she levels.
Trundle|When an enemy unit dies near Trundle, he heals for a percent of its maximum Health.
Trundle|When an enemy unit dies near Trundle, he heals for a percent of its maximum Health.
Tryndamere|Tryndamere gains Fury for each attack, critical strike, and killing blow he makes. Fury passively increases his Critical Strike Chance and can be consumed with his Bloodlust spell.
Tryndamere|Tryndamere gains Fury for each attack, critical strike, and killing blow he makes. Fury passively increases his Critical Strike Chance and can be consumed with his Bloodlust spell.
Twisted Fate|Upon killing a unit, Twisted Fate rolls his 'lucky' dice receiving 1 to 6 bonus gold.
Twisted Fate|Upon killing a unit, Twisted Fate rolls his 'lucky' dice receiving 1 to 6 bonus gold.
Twitch|Twitch's basic attacks infect the target, dealing true damage each second.
Twitch|Twitch's basic attacks infect the target, dealing true damage each second.
Udyr|Udyr has four basic Abilities that swap between Stances and can Recast an Ability to renew it with additional benefits. Additionally, after using an Ability, Udyr's next two Attacks gain Attack Speed.
Udyr|Udyr has four basic Abilities that swap between Stances and can Recast an Ability to renew it with additional benefits. Additionally, after using an Ability, Udyr's next two Attacks gain Attack Speed.
Urgot|Urgot's basic attacks and Purge periodically trigger blasts of flame from his legs, dealing physical damage.
Urgot|Urgot's basic attacks and Purge periodically trigger blasts of flame from his legs, dealing physical damage.
Varus|On kill or assist, Varus temporarily gains Attack Speed. This bonus is larger if the enemy is a champion.
Varus|On kill or assist, Varus temporarily gains Attack Speed. This bonus is larger if the enemy is a champion.
Vayne|Vayne ruthlessly hunts evil-doers, gaining 30 Move Speed when moving toward nearby enemy champions.
Vayne|Vayne ruthlessly hunts evil-doers, gaining 30 Move Speed when moving toward nearby enemy champions.
Veigar|Veigar is the greatest Evil to ever strike at the hearts of Runeterra - and he's only getting bigger! Striking an enemy Champion with a spell or scoring a takedown grants Veigar permanently increased Ability Power.
Veigar|Veigar is the greatest Evil to ever strike at the hearts of Runeterra - and he's only getting bigger! Striking an enemy Champion with a spell or scoring a takedown grants Veigar permanently increased Ability Power.
Vel'Koz|Vel'Koz's abilities apply Organic Deconstruction to enemies on hit. If 3 stacks are accumulated, the enemy will take a burst of true damage.
Vel'Koz|Vel'Koz's abilities apply Organic Deconstruction to enemies on hit. If 3 stacks are accumulated, the enemy will take a burst of true damage.
Vex|Vex periodically becomes empowered, causing her next basic Ability to fear enemies and interrupt dashes. Whenever a nearby enemy dashes, Vex applies a mark that can be consumed for bonus damage that also reduces the cooldown of her empowered state.
Vex|Vex periodically becomes empowered, causing her next basic Ability to fear enemies and interrupt dashes. Whenever a nearby enemy dashes, Vex applies a mark that can be consumed for bonus damage that also reduces the cooldown of her empowered state.
Viego|Enemies who fall before Viego become wraiths. By attacking a wraith, Viego temporarily seizes control of the dead enemy's body, healing for a percentage of his target's max health and gaining access to their basic abilities and items. He replaces their Ultimate with a free cast of his own.
Viego|Enemies who fall before Viego become wraiths. By attacking a wraith, Viego temporarily seizes control of the dead enemy's body, healing for a percentage of his target's max health and gaining access to their basic abilities and items. He replaces their Ultimate with a free cast of his own.
Viktor|Viktor can augment his basic abilities when he gets kills on enemies.
Viktor|Viktor can augment his basic abilities when he gets kills on enemies.
Vi|Vi charges a shield over time. The shield can be activated by hitting an enemy with an ability.
Vi|Vi charges a shield over time. The shield can be activated by hitting an enemy with an ability.
Vladimir|Every 30 points of bonus Health gives Vladimir 1 Ability Power and every 1 point of Ability Power gives Vladimir 1.6 bonus Health (does not stack with itself).
Vladimir|Every 30 points of bonus Health gives Vladimir 1 Ability Power and every 1 point of Ability Power gives Vladimir 1.6 bonus Health (does not stack with itself).
Volibear|Volibear's Attacks and abilities grant Attack Speed, and eventually cause his Attacks to deal bonus magic damage to nearby enemies.
Volibear|Volibear's Attacks and abilities grant Attack Speed, and eventually cause his Attacks to deal bonus magic damage to nearby enemies.
Warwick|Warwick's basic attacks deal bonus magic damage. If Warwick is below 50% health, he heals the same amount. If Warwick is below 25% health, this healing triples.
Warwick|Warwick's basic attacks deal bonus magic damage. If Warwick is below 50% health, he heals the same amount. If Warwick is below 25% health, this healing triples.
Wukong|Wukong gains stacking armor and max health regeneration while fighting champions and monsters.
Wukong|Wukong gains stacking armor and max health regeneration while fighting champions and monsters.
Xayah|After using an ability, Xayah's next basic attacks will hit all targets along their path and leave a Feather.
Xayah|After using an ability, Xayah's next basic attacks will hit all targets along their path and leave a Feather.
Xerath|Xerath's basic attacks periodically restore Mana.
Xerath|Xerath's basic attacks periodically restore Mana.
Xin Zhao|Every third attack deals bonus damage and heals Xin Zhao.
Xin Zhao|Every third attack deals bonus damage and heals Xin Zhao.
Yasuo|Yasuo's Critical Strike Chance is increased. Additionally, Yasuo builds toward a shield whenever he is moving. The shield triggers when he takes damage from a champion or monster.
Yasuo|Yasuo's Critical Strike Chance is increased. Additionally, Yasuo builds toward a shield whenever he is moving. The shield triggers when he takes damage from a champion or monster.
Yone|Yone deals magic damage with every second Attack. In addition, his critical strike chance is increased.
Yone|Yone deals magic damage with every second Attack. In addition, his critical strike chance is increased.
Yorick|The Cursed Horde: Yorick can summon Mist Walkers to swarm and attack nearby enemies.
Yorick|The Cursed Horde: Yorick can summon Mist Walkers to swarm and attack nearby enemies.
Yuumi|Periodically, when Yuumi attacks a champion, she restores mana and gains a shield that follows her, protecting her and the ally she's attached to.
Yuumi|Periodically, when Yuumi attacks a champion, she restores mana and gains a shield that follows her, protecting her and the ally she's attached to.
Zac|Each time Zac hits an enemy with an ability, he sheds a chunk of himself that can be reabsorbed to restore Health. Upon taking fatal damage, Zac splits into 4 bloblets that attempt to recombine. If any bloblets remain, he will revive with an amount of Health depending on the Health of the surviving bloblets. Each bloblet has a percentage of Zac's maximum Health, Armor and Magic Resistance. This ability has a 5 minute cooldown.
Zac|Each time Zac hits an enemy with an ability, he sheds a chunk of himself that can be reabsorbed to restore Health. Upon taking fatal damage, Zac splits into 4 bloblets that attempt to recombine. If any bloblets remain, he will revive with an amount of Health depending on the Health of the surviving bloblets. Each bloblet has a percentage of Zac's maximum Health, Armor and Magic Resistance. This ability has a 5 minute cooldown.
Zed|Zed's basic attacks against low health targets deals bonus Magic Damage. This effect can only occur once every few seconds against the same enemy champion.
Zed|Zed's basic attacks against low health targets deals bonus Magic Damage. This effect can only occur once every few seconds against the same enemy champion.
Zeri|Zeri gains Move Speed whenever she receives a shield. When she damages an enemy shield she absorbs its energy, shielding herself.
Zeri|Zeri gains Move Speed whenever she receives a shield. When she damages an enemy shield she absorbs its energy, shielding herself.
Ziggs|Periodically, Ziggs' next basic attack deals bonus magic damage. This cooldown is reduced whenever Ziggs uses an ability.
Ziggs|Periodically, Ziggs' next basic attack deals bonus magic damage. This cooldown is reduced whenever Ziggs uses an ability.
Zilean|Zilean stores time as Experience and can grant it to his allies. When he has enough Experience to finish an ally's level up, he can right-click them to impart it. Zilean receives as much Experience as he gives.
Zilean|Zilean stores time as Experience and can grant it to his allies. When he has enough Experience to finish an ally's level up, he can right-click them to impart it. Zilean receives as much Experience as he gives.
Zoe|Zoe's next basic attack after casting a spell deals bonus magic damage.
Zoe|Zoe's next basic attack after casting a spell deals bonus magic damage.
Zyra|Seeds spawn around Zyra periodically, becoming faster with level. Zyra can cast Deadly Spines or Grasping Roots near seeds to grow plants, who fight for Zyra.
Zyra|Seeds spawn around Zyra periodically, becoming faster with level. Zyra can cast Deadly Spines or Grasping Roots near seeds to grow plants, who fight for Zyra.
