Aatrox|K'Sante
Ahri|Azir
Akali|Azir
Akshan|Corki
Alistar|Miss Fortune
Amumu|Miss Fortune
Anivia|Ryze
Annie|Azir
Aphelios|Kalista
Ashe|Aphelios
Aurelion Sol|Ryze
Azir|Orianna
Bard|Swain
Bel'Veth|Shyvana
Blitzcrank|Miss Fortune
Brand|Miss Fortune
Braum|Miss Fortune
Caitlyn|Aphelios
Camille|K'Sante
Cassiopeia|Corki
Cho'Gath|K'Sante
Corki|Heimerdinger
Darius|Yasuo
Diana|Pantheon
Dr. Mundo|Kayle
Draven|Aphelios
Ekko|Viego
Elise|Trundle
Evelyn|Karthus
Ezreal|Aphelios
Fiddlesticks|Shyvana
Fiora|K'Sante
Fizz|Xerath
Galio|Azir
Gangplank|K'Sante
Garen|K'Sante
Gnar|Volibear
Gragas|Akshan
Graves|Trundle
Gwen|Sylas
Hecarim|Taliyah
Heimerdinger|Braum
Illaoi|K'Sante
Irelia|Ryze
Ivern|Poppy
Janna|Alistar
Jarvan|Trundle
Jax|Yasuo
Jayce|Akali
Jhin|Aphelios
Jinx|Aphelios
K'Sante|Yasuo
Kai'Sa|Aphelios
Kalista|Aphelios
Karma|Miss Fortune
Karthus|Poppy
Kassadin|Corki
Katarina|Ryze
Kayle|K'Sante
Kayn|Pantheon
Kennen|Vayne
Kha'Zix|Trundle
Kindred|Zed
Kled|Vladimir
Kog'Maw|Kalista
Leblanc|Azir
Lee Sin|Zed
Leona|Pantheon
Lillia|Warwick
Lissandra|Orianna
Lucian|Aphelios
Lulu|Miss Fortune
Lux|Miss Fortune
Malphite|Kennen
Malzahar|Leblanc
Maokai|Miss Fortune
Master Yi|Zed
Miss Fortune|Aphelios
Mordekaiser|K'Sante
Morgana|Braum
Nami|Miss Fortune
Nasus|Vayne
Nautilus|Miss Fortune
Neeko|Ryze
Nidalee|Viego
Nilah|Twitch
Nocturne|Poppy
Nunu & Willump|jungle
Olaf|Cho'Gath
Orianna|Corki
Ornn|Malphite
Pantheon|mid
Poppy|Nidalee
Pyke|Miss Fortune
Qiyana|Orianna
Quinn|Warwick
Rakan|Yuumi
Rammus|Zed
Rek'Sai|Poppy
Rell|Miss Fortune
Renata Glasc|Pantheon
Renekton|Akali
Rengar|Talon
Riven|K'Sante
Rumble|Vayne
Ryze|Azir
Samira|Aphelios
Sejuani|Lee Sin
Senna|Miss Fortune
Seraphine|Miss Fortune
Sett|Yasuo
Shaco|Trundle
Shen|Akali
Shyvana|Poppy
Singed|Gwen
Sion|Malphite
Sivir|Nilah
Skarner|Taliyah
Sona|Miss Fortune
Soraka|Miss Fortune
Swain|Miss Fortune
Sylas|Azir
Syndra|Azir
Tahm Kench|Vladimir
Taliyah|Diana
Talon|Orianna
Taric|Nautilus
Teemo|Vayne
Thresh|Miss Fortune
Tristana|Aphelios
Trundle|Karthus
Tryndamere|Yasuo
Twisted Fate|Corki
Twitch|Aphelios
Udyr|Pantheon
Urgot|Gragas
Varus|Aphelios
Vayne|Kalista
Veigar|Ryze
Vel'Koz|Miss Fortune
Vex|Varus
Viego|Poppy
Viktor|Varus
Vi|Lee Sin
Vladimir|Azir
Volibear|Taliyah
Warwick|Zed
Wukong|Trundle
Xayah|Aphelios
Xerath|Miss Fortune
Xin Zhao|Poppy
Yasuo|Varus
Yone|Azir
Yorick|K'Sante
Yuumi|Miss Fortune
Zac|Viego
Zed|Ryze
Zeri|Seraphine
Ziggs|Swain
Zilean|Braum
Zoe|Corki
Zyra|Miss Fortune
