Aatrox|49.75
Ahri|50.32
Akali|48.14
Akshan|51.55
Alistar|49.38
Amumu|51.27
Anivia|51.33
Annie|50.04
Aphelios|44.66
Ashe|50.14
Aurelion Sol|50.36
Azir|44.58
Bard|50.39
Bel'Veth|51.17
Blitzcrank|52.04
Brand|49.43
Braum|48.12
Caitlyn|49.81
Camille|50.97
Cassiopeia|51.2
Cho'Gath|50.97
Corki|48.45
Darius|51.64
Diana|50.04
Dr. Mundo|50.79
Draven|50.8
Ekko|50.78
Elise|51.92
Evelyn|51.86
Ezreal|49.17
Fiddlesticks|52.71
Fiora|50.73
Fizz|51.04
Galio|51.28
Gangplank|49.17
Garen|51.49
Gnar|48.34
Gragas|47.55
Graves|49.63
Gwen|49.33
Hecarim|49.48
Heimerdinger|50.56
Illaoi|51.33
Irelia|50.54
Ivern|49.27
Janna|52.66
Jarvan|49.73
Jax|50.48
Jayce|48.81
Jhin|51.26
Jinx|50.87
K'Sante|44.65
Kai'Sa|50.46
Kalista|47.86
Karma|49.18
Karthus|48.87
Kassadin|50.99
Katarina|50.57
Kayle|48.74
Kayn|49.72
Kennen|47.84
Kha'Zix|50.96
Kindred|50.25
Kled|52.49
Kog'Maw|50.57
Leblanc|47.88
Lee Sin|47.38
Leona|50.04
Lillia|49.67
Lissandra|48.39
Lucian|49.71
Lulu|48.42
Lux|49.83
Malphite|49.9
Malzahar|50.21
Maokai|52.21
Master Yi|51.36
Miss Fortune|50.16
Mordekaiser|51.39
Morgana|49.95
Nami|51.88
Nasus|51.56
Nautilus|49.33
Neeko|50.7
Nidalee|49.94
Nilah|52.12
Nocturne|50.51
Nunu & Willump|51.43
Olaf|52.95
Orianna|48.6
Ornn|51.24
Pantheon|50.5
Poppy|47.91
Pyke|50.04
Qiyana|51.37
Quinn|51.82
Rakan|50.11
Rammus|51.96
Rek'Sai|52.5
Rell|53.09
Renata Glasc|50.84
Renekton|48.8
Rengar|51.14
Riven|51.3
Rumble|49.39
Ryze|45.64
Samira|51.02
Sejuani|50.57
Senna|49.35
Seraphine|49.68
Sett|49.99
Shaco|50.59
Shen|52.59
Shyvana|49.92
Singed|53.44
Sion|49.53
Sivir|49.37
Skarner|52.24
Sona|52.45
Soraka|51.12
Swain|48.84
Sylas|49.26
Syndra|50.68
Tahm Kench|49.89
Taliyah|50.17
Talon|51.36
Taric|52.5
Teemo|49.86
Thresh|49.92
Tristana|51.92
Trundle|49.01
Tryndamere|50.06
Twisted Fate|49.16
Twitch|50.96
Udyr|51.86
Urgot|51.95
Varus|49.4
Vayne|48.3
Veigar|49.59
Vel'Koz|50.97
Vex|52.33
Viego|47.49
Viktor|49.98
Vi|50.11
Vladimir|50.72
Volibear|52.38
Warwick|50.9
Wukong|50.34
Xayah|49.55
Xerath|50.63
Xin Zhao|50.33
Yasuo|49.24
Yone|49.17
Yorick|50.14
Yuumi|48.08
Zac|51.14
Zed|51.27
Zeri|42.66
Ziggs|49.65
Zilean|51.33
Zoe|50.59
Zyra|51.5
